2022-08-30 09:31:37,835 INFO [restartedMain] c.n.c.CommunityApplication [StartupInfoLogger.java:55] Starting CommunityApplication using Java 1.8.0_332 on DESKTOP-9KE8JKH with PID 10340 (E:\SpringBoot\community\target\classes started by 15541 in E:\SpringBoot\community)
2022-08-30 09:31:37,840 INFO [restartedMain] c.n.c.CommunityApplication [SpringApplication.java:634] No active profile set, falling back to 1 default profile: "default"
2022-08-30 09:31:37,880 INFO [restartedMain] o.s.b.d.e.DevToolsPropertyDefaultsPostProcessor [DeferredLog.java:255] Devtools property defaults active! Set 'spring.devtools.add-properties' to 'false' to disable
2022-08-30 09:31:37,881 INFO [restartedMain] o.s.b.d.e.DevToolsPropertyDefaultsPostProcessor [DeferredLog.java:255] For additional web related logging consider setting the 'logging.level.web' property to 'DEBUG'
2022-08-30 09:31:39,241 INFO [restartedMain] o.s.b.w.e.t.TomcatWebServer [TomcatWebServer.java:108] Tomcat initialized with port(s): 8081 (http)
2022-08-30 09:31:39,248 INFO [restartedMain] o.a.c.h.Http11NioProtocol [DirectJDKLog.java:173] Initializing ProtocolHandler ["http-nio-8081"]
2022-08-30 09:31:39,248 INFO [restartedMain] o.a.c.c.StandardService [DirectJDKLog.java:173] Starting service [Tomcat]
2022-08-30 09:31:39,249 INFO [restartedMain] o.a.c.c.StandardEngine [DirectJDKLog.java:173] Starting Servlet engine: [Apache Tomcat/9.0.65]
2022-08-30 09:31:39,325 INFO [restartedMain] o.a.c.c.C.[.[.[/community] [DirectJDKLog.java:173] Initializing Spring embedded WebApplicationContext
2022-08-30 09:31:39,325 INFO [restartedMain] o.s.b.w.s.c.ServletWebServerApplicationContext [ServletWebServerApplicationContext.java:292] Root WebApplicationContext: initialization completed in 1351 ms
2022-08-30 09:31:39,853 INFO [restartedMain] o.s.b.a.w.s.WelcomePageHandlerMapping [WelcomePageHandlerMapping.java:57] Adding welcome page template: index
2022-08-30 09:31:39,987 INFO [restartedMain] o.s.b.d.a.OptionalLiveReloadServer [OptionalLiveReloadServer.java:58] LiveReload server is running on port 35729
2022-08-30 09:31:39,999 INFO [restartedMain] o.a.c.h.Http11NioProtocol [DirectJDKLog.java:173] Starting ProtocolHandler ["http-nio-8081"]
2022-08-30 09:31:40,013 INFO [restartedMain] o.s.b.w.e.t.TomcatWebServer [TomcatWebServer.java:220] Tomcat started on port(s): 8081 (http) with context path '/community'
2022-08-30 09:31:40,021 INFO [restartedMain] c.n.c.CommunityApplication [StartupInfoLogger.java:61] Started CommunityApplication in 2.888 seconds (JVM running for 4.096)
2022-08-30 09:31:47,189 INFO [http-nio-8081-exec-1] o.a.c.c.C.[.[.[/community] [DirectJDKLog.java:173] Initializing Spring DispatcherServlet 'dispatcherServlet'
2022-08-30 09:31:47,190 INFO [http-nio-8081-exec-1] o.s.w.s.DispatcherServlet [FrameworkServlet.java:525] Initializing Servlet 'dispatcherServlet'
2022-08-30 09:31:47,193 INFO [http-nio-8081-exec-1] o.s.w.s.DispatcherServlet [FrameworkServlet.java:547] Completed initialization in 2 ms
2022-08-30 09:31:47,256 INFO [http-nio-8081-exec-1] c.z.h.HikariDataSource [HikariDataSource.java:110] HikariPool-1 - Starting...
2022-08-30 09:31:47,375 INFO [http-nio-8081-exec-1] c.z.h.HikariDataSource [HikariDataSource.java:123] HikariPool-1 - Start completed.
2022-08-30 10:16:42,634 INFO [Thread-9] c.z.h.HikariDataSource [HikariDataSource.java:350] HikariPool-1 - Shutdown initiated...
2022-08-30 10:16:42,637 INFO [Thread-9] c.z.h.HikariDataSource [HikariDataSource.java:352] HikariPool-1 - Shutdown completed.
2022-08-30 10:16:42,880 INFO [restartedMain] c.n.c.CommunityApplication [StartupInfoLogger.java:55] Starting CommunityApplication using Java 1.8.0_332 on DESKTOP-9KE8JKH with PID 10340 (E:\SpringBoot\community\target\classes started by 15541 in E:\SpringBoot\community)
2022-08-30 10:16:42,880 INFO [restartedMain] c.n.c.CommunityApplication [SpringApplication.java:634] No active profile set, falling back to 1 default profile: "default"
2022-08-30 10:16:43,293 INFO [restartedMain] o.s.b.w.e.t.TomcatWebServer [TomcatWebServer.java:108] Tomcat initialized with port(s): 8081 (http)
2022-08-30 10:16:43,294 INFO [restartedMain] o.a.c.h.Http11NioProtocol [DirectJDKLog.java:173] Initializing ProtocolHandler ["http-nio-8081"]
2022-08-30 10:16:43,294 INFO [restartedMain] o.a.c.c.StandardService [DirectJDKLog.java:173] Starting service [Tomcat]
2022-08-30 10:16:43,294 INFO [restartedMain] o.a.c.c.StandardEngine [DirectJDKLog.java:173] Starting Servlet engine: [Apache Tomcat/9.0.65]
2022-08-30 10:16:43,331 INFO [restartedMain] o.a.c.c.C.[.[.[/community] [DirectJDKLog.java:173] Initializing Spring embedded WebApplicationContext
2022-08-30 10:16:43,331 INFO [restartedMain] o.s.b.w.s.c.ServletWebServerApplicationContext [ServletWebServerApplicationContext.java:292] Root WebApplicationContext: initialization completed in 449 ms
2022-08-30 10:16:43,580 INFO [restartedMain] o.s.b.a.w.s.WelcomePageHandlerMapping [WelcomePageHandlerMapping.java:57] Adding welcome page template: index
2022-08-30 10:16:43,623 INFO [restartedMain] o.s.b.d.a.OptionalLiveReloadServer [OptionalLiveReloadServer.java:58] LiveReload server is running on port 35729
2022-08-30 10:16:43,630 INFO [restartedMain] o.a.c.h.Http11NioProtocol [DirectJDKLog.java:173] Starting ProtocolHandler ["http-nio-8081"]
2022-08-30 10:16:43,632 INFO [restartedMain] o.s.b.w.e.t.TomcatWebServer [TomcatWebServer.java:220] Tomcat started on port(s): 8081 (http) with context path '/community'
2022-08-30 10:16:43,636 INFO [restartedMain] c.n.c.CommunityApplication [StartupInfoLogger.java:61] Started CommunityApplication in 0.82 seconds (JVM running for 2707.711)
2022-08-30 10:16:43,637 INFO [restartedMain] o.s.b.d.a.ConditionEvaluationDeltaLoggingListener [ConditionEvaluationDeltaLoggingListener.java:63] Condition evaluation unchanged
2022-08-30 10:16:45,710 INFO [restartedMain] c.n.c.CommunityApplication [StartupInfoLogger.java:55] Starting CommunityApplication using Java 1.8.0_332 on DESKTOP-9KE8JKH with PID 10340 (E:\SpringBoot\community\target\classes started by 15541 in E:\SpringBoot\community)
2022-08-30 10:16:45,711 INFO [restartedMain] c.n.c.CommunityApplication [SpringApplication.java:634] No active profile set, falling back to 1 default profile: "default"
2022-08-30 10:16:45,949 INFO [restartedMain] o.s.b.w.e.t.TomcatWebServer [TomcatWebServer.java:108] Tomcat initialized with port(s): 8081 (http)
2022-08-30 10:16:45,950 INFO [restartedMain] o.a.c.h.Http11NioProtocol [DirectJDKLog.java:173] Initializing ProtocolHandler ["http-nio-8081"]
2022-08-30 10:16:45,950 INFO [restartedMain] o.a.c.c.StandardService [DirectJDKLog.java:173] Starting service [Tomcat]
2022-08-30 10:16:45,950 INFO [restartedMain] o.a.c.c.StandardEngine [DirectJDKLog.java:173] Starting Servlet engine: [Apache Tomcat/9.0.65]
2022-08-30 10:16:45,980 INFO [restartedMain] o.a.c.c.C.[.[.[/community] [DirectJDKLog.java:173] Initializing Spring embedded WebApplicationContext
2022-08-30 10:16:45,980 INFO [restartedMain] o.s.b.w.s.c.ServletWebServerApplicationContext [ServletWebServerApplicationContext.java:292] Root WebApplicationContext: initialization completed in 267 ms
2022-08-30 10:16:46,119 INFO [restartedMain] o.s.b.a.w.s.WelcomePageHandlerMapping [WelcomePageHandlerMapping.java:57] Adding welcome page template: index
2022-08-30 10:16:46,157 INFO [restartedMain] o.s.b.d.a.OptionalLiveReloadServer [OptionalLiveReloadServer.java:58] LiveReload server is running on port 35729
2022-08-30 10:16:46,166 INFO [restartedMain] o.a.c.h.Http11NioProtocol [DirectJDKLog.java:173] Starting ProtocolHandler ["http-nio-8081"]
2022-08-30 10:16:46,169 INFO [restartedMain] o.s.b.w.e.t.TomcatWebServer [TomcatWebServer.java:220] Tomcat started on port(s): 8081 (http) with context path '/community'
2022-08-30 10:16:46,173 INFO [restartedMain] c.n.c.CommunityApplication [StartupInfoLogger.java:61] Started CommunityApplication in 0.53 seconds (JVM running for 2710.249)
2022-08-30 10:16:46,175 INFO [restartedMain] o.s.b.d.a.ConditionEvaluationDeltaLoggingListener [ConditionEvaluationDeltaLoggingListener.java:63] Condition evaluation unchanged
2022-08-30 10:16:46,455 INFO [main] c.n.c.MapperTests [StartupInfoLogger.java:55] Starting MapperTests using Java 1.8.0_332 on DESKTOP-9KE8JKH with PID 13752 (started by 15541 in E:\SpringBoot\community)
2022-08-30 10:16:46,458 INFO [main] c.n.c.MapperTests [SpringApplication.java:634] No active profile set, falling back to 1 default profile: "default"
2022-08-30 10:16:48,514 INFO [main] o.s.b.a.w.s.WelcomePageHandlerMapping [WelcomePageHandlerMapping.java:57] Adding welcome page template: index
2022-08-30 10:16:48,858 INFO [main] c.n.c.MapperTests [StartupInfoLogger.java:61] Started MapperTests in 2.885 seconds (JVM running for 4.124)
2022-08-30 10:16:49,148 INFO [main] c.z.h.HikariDataSource [HikariDataSource.java:110] HikariPool-1 - Starting...
2022-08-30 10:16:49,332 INFO [main] c.z.h.HikariDataSource [HikariDataSource.java:123] HikariPool-1 - Start completed.
2022-08-30 10:16:49,561 INFO [SpringApplicationShutdownHook] c.z.h.HikariDataSource [HikariDataSource.java:350] HikariPool-1 - Shutdown initiated...
2022-08-30 10:16:49,579 INFO [SpringApplicationShutdownHook] c.z.h.HikariDataSource [HikariDataSource.java:352] HikariPool-1 - Shutdown completed.
2022-08-30 10:18:36,666 INFO [main] c.n.c.MapperTests [StartupInfoLogger.java:55] Starting MapperTests using Java 1.8.0_332 on DESKTOP-9KE8JKH with PID 8600 (started by 15541 in E:\SpringBoot\community)
2022-08-30 10:18:36,668 INFO [main] c.n.c.MapperTests [SpringApplication.java:634] No active profile set, falling back to 1 default profile: "default"
2022-08-30 10:18:38,708 INFO [main] o.s.b.a.w.s.WelcomePageHandlerMapping [WelcomePageHandlerMapping.java:57] Adding welcome page template: index
2022-08-30 10:18:39,020 INFO [main] c.n.c.MapperTests [StartupInfoLogger.java:61] Started MapperTests in 2.854 seconds (JVM running for 3.822)
2022-08-30 10:18:39,260 INFO [main] c.z.h.HikariDataSource [HikariDataSource.java:110] HikariPool-1 - Starting...
2022-08-30 10:18:39,448 INFO [main] c.z.h.HikariDataSource [HikariDataSource.java:123] HikariPool-1 - Start completed.
2022-08-30 10:18:39,542 INFO [SpringApplicationShutdownHook] c.z.h.HikariDataSource [HikariDataSource.java:350] HikariPool-1 - Shutdown initiated...
2022-08-30 10:18:39,549 INFO [SpringApplicationShutdownHook] c.z.h.HikariDataSource [HikariDataSource.java:352] HikariPool-1 - Shutdown completed.
2022-08-30 10:20:44,922 INFO [main] c.n.c.MapperTests [StartupInfoLogger.java:55] Starting MapperTests using Java 1.8.0_332 on DESKTOP-9KE8JKH with PID 25716 (started by 15541 in E:\SpringBoot\community)
2022-08-30 10:20:44,924 INFO [main] c.n.c.MapperTests [SpringApplication.java:634] No active profile set, falling back to 1 default profile: "default"
2022-08-30 10:20:46,850 INFO [main] o.s.b.a.w.s.WelcomePageHandlerMapping [WelcomePageHandlerMapping.java:57] Adding welcome page template: index
2022-08-30 10:20:47,176 INFO [main] c.n.c.MapperTests [StartupInfoLogger.java:61] Started MapperTests in 2.677 seconds (JVM running for 3.565)
2022-08-30 10:20:47,402 INFO [main] c.z.h.HikariDataSource [HikariDataSource.java:110] HikariPool-1 - Starting...
2022-08-30 10:20:47,609 INFO [main] c.z.h.HikariDataSource [HikariDataSource.java:123] HikariPool-1 - Start completed.
2022-08-30 10:20:47,715 INFO [SpringApplicationShutdownHook] c.z.h.HikariDataSource [HikariDataSource.java:350] HikariPool-1 - Shutdown initiated...
2022-08-30 10:20:47,727 INFO [SpringApplicationShutdownHook] c.z.h.HikariDataSource [HikariDataSource.java:352] HikariPool-1 - Shutdown completed.
2022-08-30 10:22:04,746 INFO [main] c.n.c.MapperTests [StartupInfoLogger.java:55] Starting MapperTests using Java 1.8.0_332 on DESKTOP-9KE8JKH with PID 11488 (started by 15541 in E:\SpringBoot\community)
2022-08-30 10:22:04,748 INFO [main] c.n.c.MapperTests [SpringApplication.java:634] No active profile set, falling back to 1 default profile: "default"
2022-08-30 10:22:07,315 INFO [main] o.s.b.a.w.s.WelcomePageHandlerMapping [WelcomePageHandlerMapping.java:57] Adding welcome page template: index
2022-08-30 10:22:07,764 INFO [main] c.n.c.MapperTests [StartupInfoLogger.java:61] Started MapperTests in 3.46 seconds (JVM running for 5.294)
2022-08-30 10:22:08,088 INFO [main] c.z.h.HikariDataSource [HikariDataSource.java:110] HikariPool-1 - Starting...
2022-08-30 10:22:08,337 INFO [main] c.z.h.HikariDataSource [HikariDataSource.java:123] HikariPool-1 - Start completed.
2022-08-30 10:22:08,457 INFO [SpringApplicationShutdownHook] c.z.h.HikariDataSource [HikariDataSource.java:350] HikariPool-1 - Shutdown initiated...
2022-08-30 10:22:08,468 INFO [SpringApplicationShutdownHook] c.z.h.HikariDataSource [HikariDataSource.java:352] HikariPool-1 - Shutdown completed.
2022-08-30 10:23:44,421 INFO [main] c.n.c.MapperTests [StartupInfoLogger.java:55] Starting MapperTests using Java 1.8.0_332 on DESKTOP-9KE8JKH with PID 20724 (started by 15541 in E:\SpringBoot\community)
2022-08-30 10:23:44,423 INFO [main] c.n.c.MapperTests [SpringApplication.java:634] No active profile set, falling back to 1 default profile: "default"
2022-08-30 10:23:46,392 INFO [main] o.s.b.a.w.s.WelcomePageHandlerMapping [WelcomePageHandlerMapping.java:57] Adding welcome page template: index
2022-08-30 10:23:46,734 INFO [main] c.n.c.MapperTests [StartupInfoLogger.java:61] Started MapperTests in 2.799 seconds (JVM running for 3.738)
2022-08-30 10:23:46,972 INFO [main] c.z.h.HikariDataSource [HikariDataSource.java:110] HikariPool-1 - Starting...
2022-08-30 10:23:47,163 INFO [main] c.z.h.HikariDataSource [HikariDataSource.java:123] HikariPool-1 - Start completed.
2022-08-30 10:23:47,389 INFO [SpringApplicationShutdownHook] c.z.h.HikariDataSource [HikariDataSource.java:350] HikariPool-1 - Shutdown initiated...
2022-08-30 10:23:47,398 INFO [SpringApplicationShutdownHook] c.z.h.HikariDataSource [HikariDataSource.java:352] HikariPool-1 - Shutdown completed.
2022-08-30 11:17:25,380 INFO [restartedMain] c.n.c.CommunityApplication [StartupInfoLogger.java:55] Starting CommunityApplication using Java 1.8.0_332 on DESKTOP-9KE8JKH with PID 12028 (E:\SpringBoot\community\target\classes started by 15541 in E:\SpringBoot\community)
2022-08-30 11:17:25,381 INFO [restartedMain] c.n.c.CommunityApplication [SpringApplication.java:634] No active profile set, falling back to 1 default profile: "default"
2022-08-30 11:17:25,410 INFO [restartedMain] o.s.b.d.e.DevToolsPropertyDefaultsPostProcessor [DeferredLog.java:255] Devtools property defaults active! Set 'spring.devtools.add-properties' to 'false' to disable
2022-08-30 11:17:25,411 INFO [restartedMain] o.s.b.d.e.DevToolsPropertyDefaultsPostProcessor [DeferredLog.java:255] For additional web related logging consider setting the 'logging.level.web' property to 'DEBUG'
2022-08-30 11:17:26,489 INFO [restartedMain] o.s.b.w.e.t.TomcatWebServer [TomcatWebServer.java:108] Tomcat initialized with port(s): 8081 (http)
2022-08-30 11:17:26,500 INFO [restartedMain] o.a.c.h.Http11NioProtocol [DirectJDKLog.java:173] Initializing ProtocolHandler ["http-nio-8081"]
2022-08-30 11:17:26,501 INFO [restartedMain] o.a.c.c.StandardService [DirectJDKLog.java:173] Starting service [Tomcat]
2022-08-30 11:17:26,501 INFO [restartedMain] o.a.c.c.StandardEngine [DirectJDKLog.java:173] Starting Servlet engine: [Apache Tomcat/9.0.65]
2022-08-30 11:17:26,628 INFO [restartedMain] o.a.c.c.C.[.[.[/community] [DirectJDKLog.java:173] Initializing Spring embedded WebApplicationContext
2022-08-30 11:17:26,630 INFO [restartedMain] o.s.b.w.s.c.ServletWebServerApplicationContext [ServletWebServerApplicationContext.java:292] Root WebApplicationContext: initialization completed in 1219 ms
2022-08-30 11:17:27,271 INFO [restartedMain] o.s.b.a.w.s.WelcomePageHandlerMapping [WelcomePageHandlerMapping.java:57] Adding welcome page template: index
2022-08-30 11:17:27,391 INFO [restartedMain] o.s.b.d.a.OptionalLiveReloadServer [OptionalLiveReloadServer.java:58] LiveReload server is running on port 35729
2022-08-30 11:17:27,403 INFO [restartedMain] o.a.c.h.Http11NioProtocol [DirectJDKLog.java:173] Starting ProtocolHandler ["http-nio-8081"]
2022-08-30 11:17:27,417 INFO [restartedMain] o.s.b.w.e.t.TomcatWebServer [TomcatWebServer.java:220] Tomcat started on port(s): 8081 (http) with context path '/community'
2022-08-30 11:17:27,426 INFO [restartedMain] c.n.c.CommunityApplication [StartupInfoLogger.java:61] Started CommunityApplication in 2.597 seconds (JVM running for 3.723)
2022-08-30 11:17:38,481 INFO [http-nio-8081-exec-1] o.a.c.c.C.[.[.[/community] [DirectJDKLog.java:173] Initializing Spring DispatcherServlet 'dispatcherServlet'
2022-08-30 11:17:38,481 INFO [http-nio-8081-exec-1] o.s.w.s.DispatcherServlet [FrameworkServlet.java:525] Initializing Servlet 'dispatcherServlet'
2022-08-30 11:17:38,482 INFO [http-nio-8081-exec-1] o.s.w.s.DispatcherServlet [FrameworkServlet.java:547] Completed initialization in 1 ms
2022-08-30 11:17:38,512 INFO [http-nio-8081-exec-1] c.z.h.HikariDataSource [HikariDataSource.java:110] HikariPool-1 - Starting...
2022-08-30 11:17:38,611 INFO [http-nio-8081-exec-1] c.z.h.HikariDataSource [HikariDataSource.java:123] HikariPool-1 - Start completed.
2022-08-30 11:19:05,463 INFO [restartedMain] c.n.c.CommunityApplication [StartupInfoLogger.java:55] Starting CommunityApplication using Java 1.8.0_332 on DESKTOP-9KE8JKH with PID 22700 (E:\SpringBoot\community\target\classes started by 15541 in E:\SpringBoot\community)
2022-08-30 11:19:05,465 INFO [restartedMain] c.n.c.CommunityApplication [SpringApplication.java:634] No active profile set, falling back to 1 default profile: "default"
2022-08-30 11:19:05,508 INFO [restartedMain] o.s.b.d.e.DevToolsPropertyDefaultsPostProcessor [DeferredLog.java:255] Devtools property defaults active! Set 'spring.devtools.add-properties' to 'false' to disable
2022-08-30 11:19:05,509 INFO [restartedMain] o.s.b.d.e.DevToolsPropertyDefaultsPostProcessor [DeferredLog.java:255] For additional web related logging consider setting the 'logging.level.web' property to 'DEBUG'
2022-08-30 11:19:06,363 INFO [restartedMain] o.s.b.w.e.t.TomcatWebServer [TomcatWebServer.java:108] Tomcat initialized with port(s): 8081 (http)
2022-08-30 11:19:06,369 INFO [restartedMain] o.a.c.h.Http11NioProtocol [DirectJDKLog.java:173] Initializing ProtocolHandler ["http-nio-8081"]
2022-08-30 11:19:06,369 INFO [restartedMain] o.a.c.c.StandardService [DirectJDKLog.java:173] Starting service [Tomcat]
2022-08-30 11:19:06,370 INFO [restartedMain] o.a.c.c.StandardEngine [DirectJDKLog.java:173] Starting Servlet engine: [Apache Tomcat/9.0.65]
2022-08-30 11:19:06,448 INFO [restartedMain] o.a.c.c.C.[.[.[/community] [DirectJDKLog.java:173] Initializing Spring embedded WebApplicationContext
2022-08-30 11:19:06,449 INFO [restartedMain] o.s.b.w.s.c.ServletWebServerApplicationContext [ServletWebServerApplicationContext.java:292] Root WebApplicationContext: initialization completed in 939 ms
2022-08-30 11:19:06,901 INFO [restartedMain] o.s.b.a.w.s.WelcomePageHandlerMapping [WelcomePageHandlerMapping.java:57] Adding welcome page template: index
2022-08-30 11:19:07,023 INFO [restartedMain] o.s.b.d.a.OptionalLiveReloadServer [OptionalLiveReloadServer.java:58] LiveReload server is running on port 35729
2022-08-30 11:19:07,035 INFO [restartedMain] o.a.c.h.Http11NioProtocol [DirectJDKLog.java:173] Starting ProtocolHandler ["http-nio-8081"]
2022-08-30 11:19:07,048 INFO [restartedMain] o.s.b.w.e.t.TomcatWebServer [TomcatWebServer.java:220] Tomcat started on port(s): 8081 (http) with context path '/community'
2022-08-30 11:19:07,057 INFO [restartedMain] c.n.c.CommunityApplication [StartupInfoLogger.java:61] Started CommunityApplication in 2.063 seconds (JVM running for 2.966)
2022-08-30 11:19:16,873 INFO [http-nio-8081-exec-1] o.a.c.c.C.[.[.[/community] [DirectJDKLog.java:173] Initializing Spring DispatcherServlet 'dispatcherServlet'
2022-08-30 11:19:16,874 INFO [http-nio-8081-exec-1] o.s.w.s.DispatcherServlet [FrameworkServlet.java:525] Initializing Servlet 'dispatcherServlet'
2022-08-30 11:19:16,874 INFO [http-nio-8081-exec-1] o.s.w.s.DispatcherServlet [FrameworkServlet.java:547] Completed initialization in 0 ms
2022-08-30 11:19:16,899 INFO [http-nio-8081-exec-1] c.z.h.HikariDataSource [HikariDataSource.java:110] HikariPool-1 - Starting...
2022-08-30 11:19:16,999 INFO [http-nio-8081-exec-1] c.z.h.HikariDataSource [HikariDataSource.java:123] HikariPool-1 - Start completed.
2022-08-30 11:42:01,789 INFO [restartedMain] c.n.c.CommunityApplication [StartupInfoLogger.java:55] Starting CommunityApplication using Java 1.8.0_332 on DESKTOP-9KE8JKH with PID 25256 (E:\SpringBoot\community\target\classes started by 15541 in E:\SpringBoot\community)
2022-08-30 11:42:01,791 INFO [restartedMain] c.n.c.CommunityApplication [SpringApplication.java:634] No active profile set, falling back to 1 default profile: "default"
2022-08-30 11:42:01,829 INFO [restartedMain] o.s.b.d.e.DevToolsPropertyDefaultsPostProcessor [DeferredLog.java:255] Devtools property defaults active! Set 'spring.devtools.add-properties' to 'false' to disable
2022-08-30 11:42:01,830 INFO [restartedMain] o.s.b.d.e.DevToolsPropertyDefaultsPostProcessor [DeferredLog.java:255] For additional web related logging consider setting the 'logging.level.web' property to 'DEBUG'
2022-08-30 11:42:02,693 INFO [restartedMain] o.s.b.w.e.t.TomcatWebServer [TomcatWebServer.java:108] Tomcat initialized with port(s): 8081 (http)
2022-08-30 11:42:02,699 INFO [restartedMain] o.a.c.h.Http11NioProtocol [DirectJDKLog.java:173] Initializing ProtocolHandler ["http-nio-8081"]
2022-08-30 11:42:02,699 INFO [restartedMain] o.a.c.c.StandardService [DirectJDKLog.java:173] Starting service [Tomcat]
2022-08-30 11:42:02,699 INFO [restartedMain] o.a.c.c.StandardEngine [DirectJDKLog.java:173] Starting Servlet engine: [Apache Tomcat/9.0.65]
2022-08-30 11:42:02,777 INFO [restartedMain] o.a.c.c.C.[.[.[/community] [DirectJDKLog.java:173] Initializing Spring embedded WebApplicationContext
2022-08-30 11:42:02,777 INFO [restartedMain] o.s.b.w.s.c.ServletWebServerApplicationContext [ServletWebServerApplicationContext.java:292] Root WebApplicationContext: initialization completed in 947 ms
2022-08-30 11:42:03,221 INFO [restartedMain] o.s.b.a.w.s.WelcomePageHandlerMapping [WelcomePageHandlerMapping.java:57] Adding welcome page template: index
2022-08-30 11:42:03,340 INFO [restartedMain] o.s.b.d.a.OptionalLiveReloadServer [OptionalLiveReloadServer.java:58] LiveReload server is running on port 35729
2022-08-30 11:42:03,353 INFO [restartedMain] o.a.c.h.Http11NioProtocol [DirectJDKLog.java:173] Starting ProtocolHandler ["http-nio-8081"]
2022-08-30 11:42:03,366 INFO [restartedMain] o.s.b.w.e.t.TomcatWebServer [TomcatWebServer.java:220] Tomcat started on port(s): 8081 (http) with context path '/community'
2022-08-30 11:42:03,374 INFO [restartedMain] c.n.c.CommunityApplication [StartupInfoLogger.java:61] Started CommunityApplication in 1.98 seconds (JVM running for 2.904)
2022-08-30 11:42:09,633 INFO [http-nio-8081-exec-1] o.a.c.c.C.[.[.[/community] [DirectJDKLog.java:173] Initializing Spring DispatcherServlet 'dispatcherServlet'
2022-08-30 11:42:09,634 INFO [http-nio-8081-exec-1] o.s.w.s.DispatcherServlet [FrameworkServlet.java:525] Initializing Servlet 'dispatcherServlet'
2022-08-30 11:42:09,636 INFO [http-nio-8081-exec-1] o.s.w.s.DispatcherServlet [FrameworkServlet.java:547] Completed initialization in 2 ms
2022-08-30 11:42:09,660 INFO [http-nio-8081-exec-1] c.z.h.HikariDataSource [HikariDataSource.java:110] HikariPool-1 - Starting...
2022-08-30 11:42:09,756 INFO [http-nio-8081-exec-1] c.z.h.HikariDataSource [HikariDataSource.java:123] HikariPool-1 - Start completed.
2022-08-30 15:36:58,002 INFO [restartedMain] c.n.c.CommunityApplication [StartupInfoLogger.java:55] Starting CommunityApplication using Java 1.8.0_332 on DESKTOP-9KE8JKH with PID 11140 (E:\SpringBoot\community\target\classes started by 15541 in E:\SpringBoot\community)
2022-08-30 15:36:58,003 INFO [restartedMain] c.n.c.CommunityApplication [SpringApplication.java:634] No active profile set, falling back to 1 default profile: "default"
2022-08-30 15:36:58,035 INFO [restartedMain] o.s.b.d.e.DevToolsPropertyDefaultsPostProcessor [DeferredLog.java:255] Devtools property defaults active! Set 'spring.devtools.add-properties' to 'false' to disable
2022-08-30 15:36:58,036 INFO [restartedMain] o.s.b.d.e.DevToolsPropertyDefaultsPostProcessor [DeferredLog.java:255] For additional web related logging consider setting the 'logging.level.web' property to 'DEBUG'
2022-08-30 15:36:58,992 INFO [restartedMain] o.s.b.w.e.t.TomcatWebServer [TomcatWebServer.java:108] Tomcat initialized with port(s): 8081 (http)
2022-08-30 15:36:59,000 INFO [restartedMain] o.a.c.h.Http11NioProtocol [DirectJDKLog.java:173] Initializing ProtocolHandler ["http-nio-8081"]
2022-08-30 15:36:59,001 INFO [restartedMain] o.a.c.c.StandardService [DirectJDKLog.java:173] Starting service [Tomcat]
2022-08-30 15:36:59,001 INFO [restartedMain] o.a.c.c.StandardEngine [DirectJDKLog.java:173] Starting Servlet engine: [Apache Tomcat/9.0.65]
2022-08-30 15:36:59,100 INFO [restartedMain] o.a.c.c.C.[.[.[/community] [DirectJDKLog.java:173] Initializing Spring embedded WebApplicationContext
2022-08-30 15:36:59,100 INFO [restartedMain] o.s.b.w.s.c.ServletWebServerApplicationContext [ServletWebServerApplicationContext.java:292] Root WebApplicationContext: initialization completed in 1064 ms
2022-08-30 15:36:59,582 INFO [restartedMain] o.s.b.a.w.s.WelcomePageHandlerMapping [WelcomePageHandlerMapping.java:57] Adding welcome page template: index
2022-08-30 15:36:59,695 INFO [restartedMain] o.s.b.d.a.OptionalLiveReloadServer [OptionalLiveReloadServer.java:58] LiveReload server is running on port 35729
2022-08-30 15:36:59,707 INFO [restartedMain] o.a.c.h.Http11NioProtocol [DirectJDKLog.java:173] Starting ProtocolHandler ["http-nio-8081"]
2022-08-30 15:36:59,720 INFO [restartedMain] o.s.b.w.e.t.TomcatWebServer [TomcatWebServer.java:220] Tomcat started on port(s): 8081 (http) with context path '/community'
2022-08-30 15:36:59,728 INFO [restartedMain] c.n.c.CommunityApplication [StartupInfoLogger.java:61] Started CommunityApplication in 2.146 seconds (JVM running for 4.118)
2022-08-30 15:37:08,702 INFO [http-nio-8081-exec-1] o.a.c.c.C.[.[.[/community] [DirectJDKLog.java:173] Initializing Spring DispatcherServlet 'dispatcherServlet'
2022-08-30 15:37:08,702 INFO [http-nio-8081-exec-1] o.s.w.s.DispatcherServlet [FrameworkServlet.java:525] Initializing Servlet 'dispatcherServlet'
2022-08-30 15:37:08,704 INFO [http-nio-8081-exec-1] o.s.w.s.DispatcherServlet [FrameworkServlet.java:547] Completed initialization in 2 ms
2022-08-30 15:37:08,735 INFO [http-nio-8081-exec-1] c.z.h.HikariDataSource [HikariDataSource.java:110] HikariPool-1 - Starting...
2022-08-30 15:37:08,927 INFO [http-nio-8081-exec-1] c.z.h.HikariDataSource [HikariDataSource.java:123] HikariPool-1 - Start completed.
2022-08-30 15:54:02,022 INFO [restartedMain] c.n.c.CommunityApplication [StartupInfoLogger.java:55] Starting CommunityApplication using Java 1.8.0_332 on DESKTOP-9KE8JKH with PID 1028 (E:\SpringBoot\community\target\classes started by 15541 in E:\SpringBoot\community)
2022-08-30 15:54:02,024 INFO [restartedMain] c.n.c.CommunityApplication [SpringApplication.java:634] No active profile set, falling back to 1 default profile: "default"
2022-08-30 15:54:02,057 INFO [restartedMain] o.s.b.d.e.DevToolsPropertyDefaultsPostProcessor [DeferredLog.java:255] Devtools property defaults active! Set 'spring.devtools.add-properties' to 'false' to disable
2022-08-30 15:54:02,058 INFO [restartedMain] o.s.b.d.e.DevToolsPropertyDefaultsPostProcessor [DeferredLog.java:255] For additional web related logging consider setting the 'logging.level.web' property to 'DEBUG'
2022-08-30 15:54:02,919 INFO [restartedMain] o.s.b.w.e.t.TomcatWebServer [TomcatWebServer.java:108] Tomcat initialized with port(s): 8081 (http)
2022-08-30 15:54:02,925 INFO [restartedMain] o.a.c.h.Http11NioProtocol [DirectJDKLog.java:173] Initializing ProtocolHandler ["http-nio-8081"]
2022-08-30 15:54:02,926 INFO [restartedMain] o.a.c.c.StandardService [DirectJDKLog.java:173] Starting service [Tomcat]
2022-08-30 15:54:02,926 INFO [restartedMain] o.a.c.c.StandardEngine [DirectJDKLog.java:173] Starting Servlet engine: [Apache Tomcat/9.0.65]
2022-08-30 15:54:03,004 INFO [restartedMain] o.a.c.c.C.[.[.[/community] [DirectJDKLog.java:173] Initializing Spring embedded WebApplicationContext
2022-08-30 15:54:03,004 INFO [restartedMain] o.s.b.w.s.c.ServletWebServerApplicationContext [ServletWebServerApplicationContext.java:292] Root WebApplicationContext: initialization completed in 946 ms
2022-08-30 15:54:03,472 INFO [restartedMain] o.s.b.a.w.s.WelcomePageHandlerMapping [WelcomePageHandlerMapping.java:57] Adding welcome page template: index
2022-08-30 15:54:03,593 INFO [restartedMain] o.s.b.d.a.OptionalLiveReloadServer [OptionalLiveReloadServer.java:58] LiveReload server is running on port 35729
2022-08-30 15:54:03,605 INFO [restartedMain] o.a.c.h.Http11NioProtocol [DirectJDKLog.java:173] Starting ProtocolHandler ["http-nio-8081"]
2022-08-30 15:54:03,618 INFO [restartedMain] o.s.b.w.e.t.TomcatWebServer [TomcatWebServer.java:220] Tomcat started on port(s): 8081 (http) with context path '/community'
2022-08-30 15:54:03,626 INFO [restartedMain] c.n.c.CommunityApplication [StartupInfoLogger.java:61] Started CommunityApplication in 1.973 seconds (JVM running for 3.074)
2022-08-30 15:54:10,998 INFO [http-nio-8081-exec-1] o.a.c.c.C.[.[.[/community] [DirectJDKLog.java:173] Initializing Spring DispatcherServlet 'dispatcherServlet'
2022-08-30 15:54:10,999 INFO [http-nio-8081-exec-1] o.s.w.s.DispatcherServlet [FrameworkServlet.java:525] Initializing Servlet 'dispatcherServlet'
2022-08-30 15:54:11,000 INFO [http-nio-8081-exec-1] o.s.w.s.DispatcherServlet [FrameworkServlet.java:547] Completed initialization in 1 ms
2022-08-30 15:54:11,024 INFO [http-nio-8081-exec-1] c.z.h.HikariDataSource [HikariDataSource.java:110] HikariPool-1 - Starting...
2022-08-30 15:54:11,128 INFO [http-nio-8081-exec-1] c.z.h.HikariDataSource [HikariDataSource.java:123] HikariPool-1 - Start completed.
2022-08-30 16:03:20,420 INFO [Thread-9] c.z.h.HikariDataSource [HikariDataSource.java:350] HikariPool-1 - Shutdown initiated...
2022-08-30 16:03:20,428 INFO [Thread-9] c.z.h.HikariDataSource [HikariDataSource.java:352] HikariPool-1 - Shutdown completed.
2022-08-30 16:03:20,561 INFO [restartedMain] c.n.c.CommunityApplication [StartupInfoLogger.java:55] Starting CommunityApplication using Java 1.8.0_332 on DESKTOP-9KE8JKH with PID 1028 (E:\SpringBoot\community\target\classes started by 15541 in E:\SpringBoot\community)
2022-08-30 16:03:20,561 INFO [restartedMain] c.n.c.CommunityApplication [SpringApplication.java:634] No active profile set, falling back to 1 default profile: "default"
2022-08-30 16:03:20,867 INFO [restartedMain] o.s.b.w.e.t.TomcatWebServer [TomcatWebServer.java:108] Tomcat initialized with port(s): 8081 (http)
2022-08-30 16:03:20,868 INFO [restartedMain] o.a.c.h.Http11NioProtocol [DirectJDKLog.java:173] Initializing ProtocolHandler ["http-nio-8081"]
2022-08-30 16:03:20,868 INFO [restartedMain] o.a.c.c.StandardService [DirectJDKLog.java:173] Starting service [Tomcat]
2022-08-30 16:03:20,868 INFO [restartedMain] o.a.c.c.StandardEngine [DirectJDKLog.java:173] Starting Servlet engine: [Apache Tomcat/9.0.65]
2022-08-30 16:03:20,912 INFO [restartedMain] o.a.c.c.C.[.[.[/community] [DirectJDKLog.java:173] Initializing Spring embedded WebApplicationContext
2022-08-30 16:03:20,912 INFO [restartedMain] o.s.b.w.s.c.ServletWebServerApplicationContext [ServletWebServerApplicationContext.java:292] Root WebApplicationContext: initialization completed in 349 ms
2022-08-30 16:03:21,052 INFO [restartedMain] o.s.b.a.w.s.WelcomePageHandlerMapping [WelcomePageHandlerMapping.java:57] Adding welcome page template: index
2022-08-30 16:03:21,087 INFO [restartedMain] o.s.b.d.a.OptionalLiveReloadServer [OptionalLiveReloadServer.java:58] LiveReload server is running on port 35729
2022-08-30 16:03:21,095 INFO [restartedMain] o.a.c.h.Http11NioProtocol [DirectJDKLog.java:173] Starting ProtocolHandler ["http-nio-8081"]
2022-08-30 16:03:21,097 INFO [restartedMain] o.s.b.w.e.t.TomcatWebServer [TomcatWebServer.java:220] Tomcat started on port(s): 8081 (http) with context path '/community'
2022-08-30 16:03:21,102 INFO [restartedMain] c.n.c.CommunityApplication [StartupInfoLogger.java:61] Started CommunityApplication in 0.571 seconds (JVM running for 560.55)
2022-08-30 16:03:21,104 INFO [restartedMain] o.s.b.d.a.ConditionEvaluationDeltaLoggingListener [ConditionEvaluationDeltaLoggingListener.java:63] Condition evaluation unchanged
2022-08-30 16:03:23,714 INFO [http-nio-8081-exec-1] o.a.c.c.C.[.[.[/community] [DirectJDKLog.java:173] Initializing Spring DispatcherServlet 'dispatcherServlet'
2022-08-30 16:03:23,715 INFO [http-nio-8081-exec-1] o.s.w.s.DispatcherServlet [FrameworkServlet.java:525] Initializing Servlet 'dispatcherServlet'
2022-08-30 16:03:23,717 INFO [http-nio-8081-exec-1] o.s.w.s.DispatcherServlet [FrameworkServlet.java:547] Completed initialization in 0 ms
2022-08-30 16:03:23,719 INFO [http-nio-8081-exec-1] c.z.h.HikariDataSource [HikariDataSource.java:110] HikariPool-2 - Starting...
2022-08-30 16:03:23,726 INFO [http-nio-8081-exec-1] c.z.h.HikariDataSource [HikariDataSource.java:123] HikariPool-2 - Start completed.
2022-08-30 16:43:50,253 INFO [Thread-15] c.z.h.HikariDataSource [HikariDataSource.java:350] HikariPool-2 - Shutdown initiated...
2022-08-30 16:43:50,258 INFO [Thread-15] c.z.h.HikariDataSource [HikariDataSource.java:352] HikariPool-2 - Shutdown completed.
2022-08-30 16:43:50,729 INFO [restartedMain] c.n.c.CommunityApplication [StartupInfoLogger.java:55] Starting CommunityApplication using Java 1.8.0_332 on DESKTOP-9KE8JKH with PID 1028 (E:\SpringBoot\community\target\classes started by 15541 in E:\SpringBoot\community)
2022-08-30 16:43:50,729 INFO [restartedMain] c.n.c.CommunityApplication [SpringApplication.java:634] No active profile set, falling back to 1 default profile: "default"
2022-08-30 16:43:51,068 INFO [restartedMain] o.s.b.w.e.t.TomcatWebServer [TomcatWebServer.java:108] Tomcat initialized with port(s): 8081 (http)
2022-08-30 16:43:51,069 INFO [restartedMain] o.a.c.h.Http11NioProtocol [DirectJDKLog.java:173] Initializing ProtocolHandler ["http-nio-8081"]
2022-08-30 16:43:51,069 INFO [restartedMain] o.a.c.c.StandardService [DirectJDKLog.java:173] Starting service [Tomcat]
2022-08-30 16:43:51,069 INFO [restartedMain] o.a.c.c.StandardEngine [DirectJDKLog.java:173] Starting Servlet engine: [Apache Tomcat/9.0.65]
2022-08-30 16:43:51,092 INFO [restartedMain] o.a.c.c.C.[.[.[/community] [DirectJDKLog.java:173] Initializing Spring embedded WebApplicationContext
2022-08-30 16:43:51,093 INFO [restartedMain] o.s.b.w.s.c.ServletWebServerApplicationContext [ServletWebServerApplicationContext.java:292] Root WebApplicationContext: initialization completed in 362 ms
2022-08-30 16:43:51,372 INFO [restartedMain] o.s.b.a.w.s.WelcomePageHandlerMapping [WelcomePageHandlerMapping.java:57] Adding welcome page template: index
2022-08-30 16:43:51,422 INFO [restartedMain] o.s.b.d.a.OptionalLiveReloadServer [OptionalLiveReloadServer.java:58] LiveReload server is running on port 35729
2022-08-30 16:43:51,429 INFO [restartedMain] o.a.c.h.Http11NioProtocol [DirectJDKLog.java:173] Starting ProtocolHandler ["http-nio-8081"]
2022-08-30 16:43:51,431 INFO [restartedMain] o.s.b.w.e.t.TomcatWebServer [TomcatWebServer.java:220] Tomcat started on port(s): 8081 (http) with context path '/community'
2022-08-30 16:43:51,435 INFO [restartedMain] c.n.c.CommunityApplication [StartupInfoLogger.java:61] Started CommunityApplication in 0.811 seconds (JVM running for 2990.883)
2022-08-30 16:43:51,437 INFO [restartedMain] o.s.b.d.a.ConditionEvaluationDeltaLoggingListener [ConditionEvaluationDeltaLoggingListener.java:63] Condition evaluation unchanged
2022-08-30 16:43:53,238 INFO [restartedMain] c.n.c.CommunityApplication [StartupInfoLogger.java:55] Starting CommunityApplication using Java 1.8.0_332 on DESKTOP-9KE8JKH with PID 1028 (E:\SpringBoot\community\target\classes started by 15541 in E:\SpringBoot\community)
2022-08-30 16:43:53,239 INFO [restartedMain] c.n.c.CommunityApplication [SpringApplication.java:634] No active profile set, falling back to 1 default profile: "default"
2022-08-30 16:43:53,397 INFO [restartedMain] o.s.b.w.e.t.TomcatWebServer [TomcatWebServer.java:108] Tomcat initialized with port(s): 8081 (http)
2022-08-30 16:43:53,397 INFO [restartedMain] o.a.c.h.Http11NioProtocol [DirectJDKLog.java:173] Initializing ProtocolHandler ["http-nio-8081"]
2022-08-30 16:43:53,397 INFO [restartedMain] o.a.c.c.StandardService [DirectJDKLog.java:173] Starting service [Tomcat]
2022-08-30 16:43:53,397 INFO [restartedMain] o.a.c.c.StandardEngine [DirectJDKLog.java:173] Starting Servlet engine: [Apache Tomcat/9.0.65]
2022-08-30 16:43:53,420 INFO [restartedMain] o.a.c.c.C.[.[.[/community] [DirectJDKLog.java:173] Initializing Spring embedded WebApplicationContext
2022-08-30 16:43:53,420 INFO [restartedMain] o.s.b.w.s.c.ServletWebServerApplicationContext [ServletWebServerApplicationContext.java:292] Root WebApplicationContext: initialization completed in 180 ms
2022-08-30 16:43:53,513 INFO [restartedMain] o.s.b.a.w.s.WelcomePageHandlerMapping [WelcomePageHandlerMapping.java:57] Adding welcome page template: index
2022-08-30 16:43:53,539 INFO [restartedMain] o.s.b.d.a.OptionalLiveReloadServer [OptionalLiveReloadServer.java:58] LiveReload server is running on port 35729
2022-08-30 16:43:53,545 INFO [restartedMain] o.a.c.h.Http11NioProtocol [DirectJDKLog.java:173] Starting ProtocolHandler ["http-nio-8081"]
2022-08-30 16:43:53,546 INFO [restartedMain] o.s.b.w.e.t.TomcatWebServer [TomcatWebServer.java:220] Tomcat started on port(s): 8081 (http) with context path '/community'
2022-08-30 16:43:53,549 INFO [restartedMain] c.n.c.CommunityApplication [StartupInfoLogger.java:61] Started CommunityApplication in 0.337 seconds (JVM running for 2992.998)
2022-08-30 16:43:53,550 INFO [restartedMain] o.s.b.d.a.ConditionEvaluationDeltaLoggingListener [ConditionEvaluationDeltaLoggingListener.java:63] Condition evaluation unchanged
2022-08-30 16:43:58,437 INFO [restartedMain] c.n.c.CommunityApplication [StartupInfoLogger.java:55] Starting CommunityApplication using Java 1.8.0_332 on DESKTOP-9KE8JKH with PID 26820 (E:\SpringBoot\community\target\classes started by 15541 in E:\SpringBoot\community)
2022-08-30 16:43:58,438 INFO [restartedMain] c.n.c.CommunityApplication [SpringApplication.java:634] No active profile set, falling back to 1 default profile: "default"
2022-08-30 16:43:58,471 INFO [restartedMain] o.s.b.d.e.DevToolsPropertyDefaultsPostProcessor [DeferredLog.java:255] Devtools property defaults active! Set 'spring.devtools.add-properties' to 'false' to disable
2022-08-30 16:43:58,471 INFO [restartedMain] o.s.b.d.e.DevToolsPropertyDefaultsPostProcessor [DeferredLog.java:255] For additional web related logging consider setting the 'logging.level.web' property to 'DEBUG'
2022-08-30 16:43:59,378 INFO [restartedMain] o.s.b.w.e.t.TomcatWebServer [TomcatWebServer.java:108] Tomcat initialized with port(s): 8081 (http)
2022-08-30 16:43:59,385 INFO [restartedMain] o.a.c.h.Http11NioProtocol [DirectJDKLog.java:173] Initializing ProtocolHandler ["http-nio-8081"]
2022-08-30 16:43:59,385 INFO [restartedMain] o.a.c.c.StandardService [DirectJDKLog.java:173] Starting service [Tomcat]
2022-08-30 16:43:59,386 INFO [restartedMain] o.a.c.c.StandardEngine [DirectJDKLog.java:173] Starting Servlet engine: [Apache Tomcat/9.0.65]
2022-08-30 16:43:59,472 INFO [restartedMain] o.a.c.c.C.[.[.[/community] [DirectJDKLog.java:173] Initializing Spring embedded WebApplicationContext
2022-08-30 16:43:59,473 INFO [restartedMain] o.s.b.w.s.c.ServletWebServerApplicationContext [ServletWebServerApplicationContext.java:292] Root WebApplicationContext: initialization completed in 1001 ms
2022-08-30 16:43:59,986 INFO [restartedMain] o.s.b.a.w.s.WelcomePageHandlerMapping [WelcomePageHandlerMapping.java:57] Adding welcome page template: index
2022-08-30 16:44:00,129 INFO [restartedMain] o.s.b.d.a.OptionalLiveReloadServer [OptionalLiveReloadServer.java:58] LiveReload server is running on port 35729
2022-08-30 16:44:00,142 INFO [restartedMain] o.a.c.h.Http11NioProtocol [DirectJDKLog.java:173] Starting ProtocolHandler ["http-nio-8081"]
2022-08-30 16:44:00,156 INFO [restartedMain] o.s.b.w.e.t.TomcatWebServer [TomcatWebServer.java:220] Tomcat started on port(s): 8081 (http) with context path '/community'
2022-08-30 16:44:00,166 INFO [restartedMain] c.n.c.CommunityApplication [StartupInfoLogger.java:61] Started CommunityApplication in 2.155 seconds (JVM running for 3.596)
2022-08-30 16:44:14,259 INFO [http-nio-8081-exec-1] o.a.c.c.C.[.[.[/community] [DirectJDKLog.java:173] Initializing Spring DispatcherServlet 'dispatcherServlet'
2022-08-30 16:44:14,259 INFO [http-nio-8081-exec-1] o.s.w.s.DispatcherServlet [FrameworkServlet.java:525] Initializing Servlet 'dispatcherServlet'
2022-08-30 16:44:14,260 INFO [http-nio-8081-exec-1] o.s.w.s.DispatcherServlet [FrameworkServlet.java:547] Completed initialization in 1 ms
2022-08-30 16:44:14,287 INFO [http-nio-8081-exec-1] c.z.h.HikariDataSource [HikariDataSource.java:110] HikariPool-1 - Starting...
2022-08-30 16:44:14,395 INFO [http-nio-8081-exec-1] c.z.h.HikariDataSource [HikariDataSource.java:123] HikariPool-1 - Start completed.
2022-08-30 17:03:49,644 INFO [Thread-10] c.z.h.HikariDataSource [HikariDataSource.java:350] HikariPool-1 - Shutdown initiated...
2022-08-30 17:03:49,668 INFO [Thread-10] c.z.h.HikariDataSource [HikariDataSource.java:352] HikariPool-1 - Shutdown completed.
2022-08-30 17:03:50,070 INFO [restartedMain] c.n.c.CommunityApplication [StartupInfoLogger.java:55] Starting CommunityApplication using Java 1.8.0_332 on DESKTOP-9KE8JKH with PID 26820 (E:\SpringBoot\community\target\classes started by 15541 in E:\SpringBoot\community)
2022-08-30 17:03:50,070 INFO [restartedMain] c.n.c.CommunityApplication [SpringApplication.java:634] No active profile set, falling back to 1 default profile: "default"
2022-08-30 17:03:50,401 INFO [restartedMain] o.s.b.w.e.t.TomcatWebServer [TomcatWebServer.java:108] Tomcat initialized with port(s): 8081 (http)
2022-08-30 17:03:50,403 INFO [restartedMain] o.a.c.h.Http11NioProtocol [DirectJDKLog.java:173] Initializing ProtocolHandler ["http-nio-8081"]
2022-08-30 17:03:50,403 INFO [restartedMain] o.a.c.c.StandardService [DirectJDKLog.java:173] Starting service [Tomcat]
2022-08-30 17:03:50,403 INFO [restartedMain] o.a.c.c.StandardEngine [DirectJDKLog.java:173] Starting Servlet engine: [Apache Tomcat/9.0.65]
2022-08-30 17:03:50,439 INFO [restartedMain] o.a.c.c.C.[.[.[/community] [DirectJDKLog.java:173] Initializing Spring embedded WebApplicationContext
2022-08-30 17:03:50,439 INFO [restartedMain] o.s.b.w.s.c.ServletWebServerApplicationContext [ServletWebServerApplicationContext.java:292] Root WebApplicationContext: initialization completed in 366 ms
2022-08-30 17:03:50,623 INFO [restartedMain] o.s.b.a.w.s.WelcomePageHandlerMapping [WelcomePageHandlerMapping.java:57] Adding welcome page template: index
2022-08-30 17:03:50,657 INFO [restartedMain] o.s.b.d.a.OptionalLiveReloadServer [OptionalLiveReloadServer.java:58] LiveReload server is running on port 35729
2022-08-30 17:03:50,663 INFO [restartedMain] o.a.c.h.Http11NioProtocol [DirectJDKLog.java:173] Starting ProtocolHandler ["http-nio-8081"]
2022-08-30 17:03:50,665 INFO [restartedMain] o.s.b.w.e.t.TomcatWebServer [TomcatWebServer.java:220] Tomcat started on port(s): 8081 (http) with context path '/community'
2022-08-30 17:03:50,669 INFO [restartedMain] c.n.c.CommunityApplication [StartupInfoLogger.java:61] Started CommunityApplication in 0.686 seconds (JVM running for 1194.1)
2022-08-30 17:03:50,670 INFO [restartedMain] o.s.b.d.a.ConditionEvaluationDeltaLoggingListener [ConditionEvaluationDeltaLoggingListener.java:63] Condition evaluation unchanged
2022-08-30 17:19:12,292 INFO [restartedMain] c.n.c.CommunityApplication [StartupInfoLogger.java:55] Starting CommunityApplication using Java 1.8.0_332 on DESKTOP-9KE8JKH with PID 26820 (E:\SpringBoot\community\target\classes started by 15541 in E:\SpringBoot\community)
2022-08-30 17:19:12,293 INFO [restartedMain] c.n.c.CommunityApplication [SpringApplication.java:634] No active profile set, falling back to 1 default profile: "default"
2022-08-30 17:19:12,551 INFO [restartedMain] o.s.b.w.e.t.TomcatWebServer [TomcatWebServer.java:108] Tomcat initialized with port(s): 8081 (http)
2022-08-30 17:19:12,552 INFO [restartedMain] o.a.c.h.Http11NioProtocol [DirectJDKLog.java:173] Initializing ProtocolHandler ["http-nio-8081"]
2022-08-30 17:19:12,552 INFO [restartedMain] o.a.c.c.StandardService [DirectJDKLog.java:173] Starting service [Tomcat]
2022-08-30 17:19:12,552 INFO [restartedMain] o.a.c.c.StandardEngine [DirectJDKLog.java:173] Starting Servlet engine: [Apache Tomcat/9.0.65]
2022-08-30 17:19:12,578 INFO [restartedMain] o.a.c.c.C.[.[.[/community] [DirectJDKLog.java:173] Initializing Spring embedded WebApplicationContext
2022-08-30 17:19:12,578 INFO [restartedMain] o.s.b.w.s.c.ServletWebServerApplicationContext [ServletWebServerApplicationContext.java:292] Root WebApplicationContext: initialization completed in 283 ms
2022-08-30 17:19:12,694 INFO [restartedMain] o.s.b.a.w.s.WelcomePageHandlerMapping [WelcomePageHandlerMapping.java:57] Adding welcome page template: index
2022-08-30 17:19:12,726 INFO [restartedMain] o.s.b.d.a.OptionalLiveReloadServer [OptionalLiveReloadServer.java:58] LiveReload server is running on port 35729
2022-08-30 17:19:12,732 INFO [restartedMain] o.a.c.h.Http11NioProtocol [DirectJDKLog.java:173] Starting ProtocolHandler ["http-nio-8081"]
2022-08-30 17:19:12,734 INFO [restartedMain] o.s.b.w.e.t.TomcatWebServer [TomcatWebServer.java:220] Tomcat started on port(s): 8081 (http) with context path '/community'
2022-08-30 17:19:12,738 INFO [restartedMain] c.n.c.CommunityApplication [StartupInfoLogger.java:61] Started CommunityApplication in 0.481 seconds (JVM running for 2116.168)
2022-08-30 17:19:12,739 INFO [restartedMain] o.s.b.d.a.ConditionEvaluationDeltaLoggingListener [ConditionEvaluationDeltaLoggingListener.java:63] Condition evaluation unchanged
2022-08-30 17:22:38,179 INFO [http-nio-8081-exec-1] o.a.c.c.C.[.[.[/community] [DirectJDKLog.java:173] Initializing Spring DispatcherServlet 'dispatcherServlet'
2022-08-30 17:22:38,181 INFO [http-nio-8081-exec-1] o.s.w.s.DispatcherServlet [FrameworkServlet.java:525] Initializing Servlet 'dispatcherServlet'
2022-08-30 17:22:38,183 INFO [http-nio-8081-exec-1] o.s.w.s.DispatcherServlet [FrameworkServlet.java:547] Completed initialization in 2 ms
2022-08-30 17:22:38,184 INFO [http-nio-8081-exec-1] c.z.h.HikariDataSource [HikariDataSource.java:110] HikariPool-2 - Starting...
2022-08-30 17:22:38,196 INFO [http-nio-8081-exec-1] c.z.h.HikariDataSource [HikariDataSource.java:123] HikariPool-2 - Start completed.
2022-08-30 17:23:41,052 INFO [Thread-20] c.z.h.HikariDataSource [HikariDataSource.java:350] HikariPool-2 - Shutdown initiated...
2022-08-30 17:23:41,053 INFO [Thread-20] c.z.h.HikariDataSource [HikariDataSource.java:352] HikariPool-2 - Shutdown completed.
2022-08-30 17:23:41,235 INFO [restartedMain] c.n.c.CommunityApplication [StartupInfoLogger.java:55] Starting CommunityApplication using Java 1.8.0_332 on DESKTOP-9KE8JKH with PID 26820 (E:\SpringBoot\community\target\classes started by 15541 in E:\SpringBoot\community)
2022-08-30 17:23:41,235 INFO [restartedMain] c.n.c.CommunityApplication [SpringApplication.java:634] No active profile set, falling back to 1 default profile: "default"
2022-08-30 17:23:41,515 INFO [restartedMain] o.s.b.w.e.t.TomcatWebServer [TomcatWebServer.java:108] Tomcat initialized with port(s): 8081 (http)
2022-08-30 17:23:41,516 INFO [restartedMain] o.a.c.h.Http11NioProtocol [DirectJDKLog.java:173] Initializing ProtocolHandler ["http-nio-8081"]
2022-08-30 17:23:41,516 INFO [restartedMain] o.a.c.c.StandardService [DirectJDKLog.java:173] Starting service [Tomcat]
2022-08-30 17:23:41,516 INFO [restartedMain] o.a.c.c.StandardEngine [DirectJDKLog.java:173] Starting Servlet engine: [Apache Tomcat/9.0.65]
2022-08-30 17:23:41,547 INFO [restartedMain] o.a.c.c.C.[.[.[/community] [DirectJDKLog.java:173] Initializing Spring embedded WebApplicationContext
2022-08-30 17:23:41,547 INFO [restartedMain] o.s.b.w.s.c.ServletWebServerApplicationContext [ServletWebServerApplicationContext.java:292] Root WebApplicationContext: initialization completed in 310 ms
2022-08-30 17:23:41,665 INFO [restartedMain] o.s.b.a.w.s.WelcomePageHandlerMapping [WelcomePageHandlerMapping.java:57] Adding welcome page template: index
2022-08-30 17:23:41,696 INFO [restartedMain] o.s.b.d.a.OptionalLiveReloadServer [OptionalLiveReloadServer.java:58] LiveReload server is running on port 35729
2022-08-30 17:23:41,703 INFO [restartedMain] o.a.c.h.Http11NioProtocol [DirectJDKLog.java:173] Starting ProtocolHandler ["http-nio-8081"]
2022-08-30 17:23:41,705 INFO [restartedMain] o.s.b.w.e.t.TomcatWebServer [TomcatWebServer.java:220] Tomcat started on port(s): 8081 (http) with context path '/community'
2022-08-30 17:23:41,709 INFO [restartedMain] c.n.c.CommunityApplication [StartupInfoLogger.java:61] Started CommunityApplication in 0.505 seconds (JVM running for 2385.139)
2022-08-30 17:23:41,710 INFO [restartedMain] o.s.b.d.a.ConditionEvaluationDeltaLoggingListener [ConditionEvaluationDeltaLoggingListener.java:63] Condition evaluation unchanged
2022-08-30 17:23:44,107 INFO [http-nio-8081-exec-1] o.a.c.c.C.[.[.[/community] [DirectJDKLog.java:173] Initializing Spring DispatcherServlet 'dispatcherServlet'
2022-08-30 17:23:44,108 INFO [http-nio-8081-exec-1] o.s.w.s.DispatcherServlet [FrameworkServlet.java:525] Initializing Servlet 'dispatcherServlet'
2022-08-30 17:23:44,109 INFO [http-nio-8081-exec-1] o.s.w.s.DispatcherServlet [FrameworkServlet.java:547] Completed initialization in 1 ms
2022-08-30 17:23:44,111 INFO [http-nio-8081-exec-1] c.z.h.HikariDataSource [HikariDataSource.java:110] HikariPool-3 - Starting...
2022-08-30 17:23:44,120 INFO [http-nio-8081-exec-1] c.z.h.HikariDataSource [HikariDataSource.java:123] HikariPool-3 - Start completed.
2022-08-30 17:24:36,339 INFO [Thread-24] c.z.h.HikariDataSource [HikariDataSource.java:350] HikariPool-3 - Shutdown initiated...
2022-08-30 17:24:36,341 INFO [Thread-24] c.z.h.HikariDataSource [HikariDataSource.java:352] HikariPool-3 - Shutdown completed.
2022-08-30 17:24:36,481 INFO [restartedMain] c.n.c.CommunityApplication [StartupInfoLogger.java:55] Starting CommunityApplication using Java 1.8.0_332 on DESKTOP-9KE8JKH with PID 26820 (E:\SpringBoot\community\target\classes started by 15541 in E:\SpringBoot\community)
2022-08-30 17:24:36,482 INFO [restartedMain] c.n.c.CommunityApplication [SpringApplication.java:634] No active profile set, falling back to 1 default profile: "default"
2022-08-30 17:24:36,745 INFO [restartedMain] o.s.b.w.e.t.TomcatWebServer [TomcatWebServer.java:108] Tomcat initialized with port(s): 8081 (http)
2022-08-30 17:24:36,745 INFO [restartedMain] o.a.c.h.Http11NioProtocol [DirectJDKLog.java:173] Initializing ProtocolHandler ["http-nio-8081"]
2022-08-30 17:24:36,746 INFO [restartedMain] o.a.c.c.StandardService [DirectJDKLog.java:173] Starting service [Tomcat]
2022-08-30 17:24:36,746 INFO [restartedMain] o.a.c.c.StandardEngine [DirectJDKLog.java:173] Starting Servlet engine: [Apache Tomcat/9.0.65]
2022-08-30 17:24:36,773 INFO [restartedMain] o.a.c.c.C.[.[.[/community] [DirectJDKLog.java:173] Initializing Spring embedded WebApplicationContext
2022-08-30 17:24:36,773 INFO [restartedMain] o.s.b.w.s.c.ServletWebServerApplicationContext [ServletWebServerApplicationContext.java:292] Root WebApplicationContext: initialization completed in 290 ms
2022-08-30 17:24:36,894 INFO [restartedMain] o.s.b.a.w.s.WelcomePageHandlerMapping [WelcomePageHandlerMapping.java:57] Adding welcome page template: index
2022-08-30 17:24:36,923 INFO [restartedMain] o.s.b.d.a.OptionalLiveReloadServer [OptionalLiveReloadServer.java:58] LiveReload server is running on port 35729
2022-08-30 17:24:36,929 INFO [restartedMain] o.a.c.h.Http11NioProtocol [DirectJDKLog.java:173] Starting ProtocolHandler ["http-nio-8081"]
2022-08-30 17:24:36,931 INFO [restartedMain] o.s.b.w.e.t.TomcatWebServer [TomcatWebServer.java:220] Tomcat started on port(s): 8081 (http) with context path '/community'
2022-08-30 17:24:36,935 INFO [restartedMain] c.n.c.CommunityApplication [StartupInfoLogger.java:61] Started CommunityApplication in 0.48 seconds (JVM running for 2440.365)
2022-08-30 17:24:36,936 INFO [restartedMain] o.s.b.d.a.ConditionEvaluationDeltaLoggingListener [ConditionEvaluationDeltaLoggingListener.java:63] Condition evaluation unchanged
2022-08-30 17:24:38,604 INFO [http-nio-8081-exec-1] o.a.c.c.C.[.[.[/community] [DirectJDKLog.java:173] Initializing Spring DispatcherServlet 'dispatcherServlet'
2022-08-30 17:24:38,606 INFO [http-nio-8081-exec-1] o.s.w.s.DispatcherServlet [FrameworkServlet.java:525] Initializing Servlet 'dispatcherServlet'
2022-08-30 17:24:38,607 INFO [http-nio-8081-exec-1] o.s.w.s.DispatcherServlet [FrameworkServlet.java:547] Completed initialization in 1 ms
2022-08-30 17:24:38,609 INFO [http-nio-8081-exec-1] c.z.h.HikariDataSource [HikariDataSource.java:110] HikariPool-4 - Starting...
2022-08-30 17:24:38,613 INFO [http-nio-8081-exec-1] c.z.h.HikariDataSource [HikariDataSource.java:123] HikariPool-4 - Start completed.
2022-08-30 20:53:07,063 INFO [restartedMain] c.n.c.CommunityApplication [StartupInfoLogger.java:55] Starting CommunityApplication using Java 1.8.0_332 on DESKTOP-9KE8JKH with PID 10584 (E:\SpringBoot\community\target\classes started by 15541 in E:\SpringBoot\community)
2022-08-30 20:53:07,148 INFO [restartedMain] c.n.c.CommunityApplication [SpringApplication.java:634] No active profile set, falling back to 1 default profile: "default"
2022-08-30 20:53:07,186 INFO [restartedMain] o.s.b.d.e.DevToolsPropertyDefaultsPostProcessor [DeferredLog.java:255] Devtools property defaults active! Set 'spring.devtools.add-properties' to 'false' to disable
2022-08-30 20:53:07,187 INFO [restartedMain] o.s.b.d.e.DevToolsPropertyDefaultsPostProcessor [DeferredLog.java:255] For additional web related logging consider setting the 'logging.level.web' property to 'DEBUG'
2022-08-30 20:53:08,371 INFO [restartedMain] o.s.b.w.e.t.TomcatWebServer [TomcatWebServer.java:108] Tomcat initialized with port(s): 8081 (http)
2022-08-30 20:53:08,379 INFO [restartedMain] o.a.c.h.Http11NioProtocol [DirectJDKLog.java:173] Initializing ProtocolHandler ["http-nio-8081"]
2022-08-30 20:53:08,379 INFO [restartedMain] o.a.c.c.StandardService [DirectJDKLog.java:173] Starting service [Tomcat]
2022-08-30 20:53:08,379 INFO [restartedMain] o.a.c.c.StandardEngine [DirectJDKLog.java:173] Starting Servlet engine: [Apache Tomcat/9.0.65]
2022-08-30 20:53:08,461 INFO [restartedMain] o.a.c.c.C.[.[.[/community] [DirectJDKLog.java:173] Initializing Spring embedded WebApplicationContext
2022-08-30 20:53:08,461 INFO [restartedMain] o.s.b.w.s.c.ServletWebServerApplicationContext [ServletWebServerApplicationContext.java:292] Root WebApplicationContext: initialization completed in 1274 ms
2022-08-30 20:53:09,517 INFO [restartedMain] o.s.b.a.w.s.WelcomePageHandlerMapping [WelcomePageHandlerMapping.java:57] Adding welcome page template: index
2022-08-30 20:53:09,795 INFO [restartedMain] o.s.b.d.a.OptionalLiveReloadServer [OptionalLiveReloadServer.java:58] LiveReload server is running on port 35729
2022-08-30 20:53:09,813 INFO [restartedMain] o.a.c.h.Http11NioProtocol [DirectJDKLog.java:173] Starting ProtocolHandler ["http-nio-8081"]
2022-08-30 20:53:09,827 INFO [restartedMain] o.s.b.w.e.t.TomcatWebServer [TomcatWebServer.java:220] Tomcat started on port(s): 8081 (http) with context path '/community'
2022-08-30 20:53:09,837 INFO [restartedMain] c.n.c.CommunityApplication [StartupInfoLogger.java:61] Started CommunityApplication in 3.289 seconds (JVM running for 4.315)
2022-08-30 20:53:15,619 INFO [http-nio-8081-exec-4] o.a.c.c.C.[.[.[/community] [DirectJDKLog.java:173] Initializing Spring DispatcherServlet 'dispatcherServlet'
2022-08-30 20:53:15,619 INFO [http-nio-8081-exec-4] o.s.w.s.DispatcherServlet [FrameworkServlet.java:525] Initializing Servlet 'dispatcherServlet'
2022-08-30 20:53:15,620 INFO [http-nio-8081-exec-4] o.s.w.s.DispatcherServlet [FrameworkServlet.java:547] Completed initialization in 1 ms
2022-08-30 20:53:15,676 INFO [http-nio-8081-exec-4] c.z.h.HikariDataSource [HikariDataSource.java:110] HikariPool-1 - Starting...
2022-08-30 20:53:15,827 INFO [http-nio-8081-exec-4] c.z.h.HikariDataSource [HikariDataSource.java:123] HikariPool-1 - Start completed.
2022-08-30 21:03:57,474 INFO [Thread-11] c.z.h.HikariDataSource [HikariDataSource.java:350] HikariPool-1 - Shutdown initiated...
2022-08-30 21:03:57,477 INFO [Thread-11] c.z.h.HikariDataSource [HikariDataSource.java:352] HikariPool-1 - Shutdown completed.
2022-08-30 21:03:57,624 INFO [restartedMain] c.n.c.CommunityApplication [StartupInfoLogger.java:55] Starting CommunityApplication using Java 1.8.0_332 on DESKTOP-9KE8JKH with PID 10584 (E:\SpringBoot\community\target\classes started by 15541 in E:\SpringBoot\community)
2022-08-30 21:03:57,625 INFO [restartedMain] c.n.c.CommunityApplication [SpringApplication.java:634] No active profile set, falling back to 1 default profile: "default"
2022-08-30 21:03:57,978 INFO [restartedMain] o.s.b.w.e.t.TomcatWebServer [TomcatWebServer.java:108] Tomcat initialized with port(s): 8081 (http)
2022-08-30 21:03:57,979 INFO [restartedMain] o.a.c.h.Http11NioProtocol [DirectJDKLog.java:173] Initializing ProtocolHandler ["http-nio-8081"]
2022-08-30 21:03:57,980 INFO [restartedMain] o.a.c.c.StandardService [DirectJDKLog.java:173] Starting service [Tomcat]
2022-08-30 21:03:57,980 INFO [restartedMain] o.a.c.c.StandardEngine [DirectJDKLog.java:173] Starting Servlet engine: [Apache Tomcat/9.0.65]
2022-08-30 21:03:58,019 INFO [restartedMain] o.a.c.c.C.[.[.[/community] [DirectJDKLog.java:173] Initializing Spring embedded WebApplicationContext
2022-08-30 21:03:58,020 INFO [restartedMain] o.s.b.w.s.c.ServletWebServerApplicationContext [ServletWebServerApplicationContext.java:292] Root WebApplicationContext: initialization completed in 393 ms
2022-08-30 21:03:58,424 INFO [restartedMain] o.s.b.a.w.s.WelcomePageHandlerMapping [WelcomePageHandlerMapping.java:57] Adding welcome page template: index
2022-08-30 21:03:58,591 INFO [restartedMain] o.s.b.d.a.OptionalLiveReloadServer [OptionalLiveReloadServer.java:58] LiveReload server is running on port 35729
2022-08-30 21:03:58,600 INFO [restartedMain] o.a.c.h.Http11NioProtocol [DirectJDKLog.java:173] Starting ProtocolHandler ["http-nio-8081"]
2022-08-30 21:03:58,602 INFO [restartedMain] o.s.b.w.e.t.TomcatWebServer [TomcatWebServer.java:220] Tomcat started on port(s): 8081 (http) with context path '/community'
2022-08-30 21:03:58,606 INFO [restartedMain] c.n.c.CommunityApplication [StartupInfoLogger.java:61] Started CommunityApplication in 1.013 seconds (JVM running for 653.084)
2022-08-30 21:03:58,608 INFO [restartedMain] o.s.b.d.a.ConditionEvaluationDeltaLoggingListener [ConditionEvaluationDeltaLoggingListener.java:63] Condition evaluation unchanged
2022-08-30 21:04:07,537 INFO [restartedMain] c.n.c.CommunityApplication [StartupInfoLogger.java:55] Starting CommunityApplication using Java 1.8.0_332 on DESKTOP-9KE8JKH with PID 26664 (E:\SpringBoot\community\target\classes started by 15541 in E:\SpringBoot\community)
2022-08-30 21:04:07,539 INFO [restartedMain] c.n.c.CommunityApplication [SpringApplication.java:634] No active profile set, falling back to 1 default profile: "default"
2022-08-30 21:04:07,573 INFO [restartedMain] o.s.b.d.e.DevToolsPropertyDefaultsPostProcessor [DeferredLog.java:255] Devtools property defaults active! Set 'spring.devtools.add-properties' to 'false' to disable
2022-08-30 21:04:07,573 INFO [restartedMain] o.s.b.d.e.DevToolsPropertyDefaultsPostProcessor [DeferredLog.java:255] For additional web related logging consider setting the 'logging.level.web' property to 'DEBUG'
2022-08-30 21:04:08,602 INFO [restartedMain] o.s.b.w.e.t.TomcatWebServer [TomcatWebServer.java:108] Tomcat initialized with port(s): 8081 (http)
2022-08-30 21:04:08,609 INFO [restartedMain] o.a.c.h.Http11NioProtocol [DirectJDKLog.java:173] Initializing ProtocolHandler ["http-nio-8081"]
2022-08-30 21:04:08,610 INFO [restartedMain] o.a.c.c.StandardService [DirectJDKLog.java:173] Starting service [Tomcat]
2022-08-30 21:04:08,610 INFO [restartedMain] o.a.c.c.StandardEngine [DirectJDKLog.java:173] Starting Servlet engine: [Apache Tomcat/9.0.65]
2022-08-30 21:04:08,690 INFO [restartedMain] o.a.c.c.C.[.[.[/community] [DirectJDKLog.java:173] Initializing Spring embedded WebApplicationContext
2022-08-30 21:04:08,690 INFO [restartedMain] o.s.b.w.s.c.ServletWebServerApplicationContext [ServletWebServerApplicationContext.java:292] Root WebApplicationContext: initialization completed in 1116 ms
2022-08-30 21:04:09,401 INFO [restartedMain] o.s.b.a.w.s.WelcomePageHandlerMapping [WelcomePageHandlerMapping.java:57] Adding welcome page template: index
2022-08-30 21:04:09,655 INFO [restartedMain] o.s.b.d.a.OptionalLiveReloadServer [OptionalLiveReloadServer.java:58] LiveReload server is running on port 35729
2022-08-30 21:04:09,669 INFO [restartedMain] o.a.c.h.Http11NioProtocol [DirectJDKLog.java:173] Starting ProtocolHandler ["http-nio-8081"]
2022-08-30 21:04:09,683 INFO [restartedMain] o.s.b.w.e.t.TomcatWebServer [TomcatWebServer.java:220] Tomcat started on port(s): 8081 (http) with context path '/community'
2022-08-30 21:04:09,691 INFO [restartedMain] c.n.c.CommunityApplication [StartupInfoLogger.java:61] Started CommunityApplication in 2.594 seconds (JVM running for 3.609)
2022-08-30 21:04:15,090 INFO [http-nio-8081-exec-2] o.a.c.c.C.[.[.[/community] [DirectJDKLog.java:173] Initializing Spring DispatcherServlet 'dispatcherServlet'
2022-08-30 21:04:15,090 INFO [http-nio-8081-exec-2] o.s.w.s.DispatcherServlet [FrameworkServlet.java:525] Initializing Servlet 'dispatcherServlet'
2022-08-30 21:04:15,091 INFO [http-nio-8081-exec-2] o.s.w.s.DispatcherServlet [FrameworkServlet.java:547] Completed initialization in 1 ms
2022-08-30 21:04:15,109 INFO [http-nio-8081-exec-2] c.n.c.a.ServiceLogAspect [ServiceLogAspect.java:37] [0:0:0:0:0:0:0:1],[2022-08-30 21:04:15],[com.nowcoder.community.service.UserService.findLoginTicket].
2022-08-30 21:04:15,125 INFO [http-nio-8081-exec-2] c.z.h.HikariDataSource [HikariDataSource.java:110] HikariPool-1 - Starting...
2022-08-30 21:04:15,239 INFO [http-nio-8081-exec-2] c.z.h.HikariDataSource [HikariDataSource.java:123] HikariPool-1 - Start completed.
2022-08-30 21:04:15,301 INFO [http-nio-8081-exec-2] c.n.c.a.ServiceLogAspect [ServiceLogAspect.java:37] [0:0:0:0:0:0:0:1],[2022-08-30 21:04:15],[com.nowcoder.community.service.UserService.findUserById].
2022-08-30 21:04:15,422 INFO [http-nio-8081-exec-2] c.n.c.a.ServiceLogAspect [ServiceLogAspect.java:37] [0:0:0:0:0:0:0:1],[2022-08-30 21:04:15],[com.nowcoder.community.service.DiscussPostService.findDiscussPostRows].
2022-08-30 21:04:15,441 INFO [http-nio-8081-exec-2] c.n.c.a.ServiceLogAspect [ServiceLogAspect.java:37] [0:0:0:0:0:0:0:1],[2022-08-30 21:04:15],[com.nowcoder.community.service.DiscussPostService.findDiscussPosts].
2022-08-30 21:04:15,450 INFO [http-nio-8081-exec-2] c.n.c.a.ServiceLogAspect [ServiceLogAspect.java:37] [0:0:0:0:0:0:0:1],[2022-08-30 21:04:15],[com.nowcoder.community.service.UserService.findUserById].
2022-08-30 21:04:15,452 INFO [http-nio-8081-exec-2] c.n.c.a.ServiceLogAspect [ServiceLogAspect.java:37] [0:0:0:0:0:0:0:1],[2022-08-30 21:04:15],[com.nowcoder.community.service.UserService.findUserById].
2022-08-30 21:04:15,455 INFO [http-nio-8081-exec-2] c.n.c.a.ServiceLogAspect [ServiceLogAspect.java:37] [0:0:0:0:0:0:0:1],[2022-08-30 21:04:15],[com.nowcoder.community.service.UserService.findUserById].
2022-08-30 21:04:15,457 INFO [http-nio-8081-exec-2] c.n.c.a.ServiceLogAspect [ServiceLogAspect.java:37] [0:0:0:0:0:0:0:1],[2022-08-30 21:04:15],[com.nowcoder.community.service.UserService.findUserById].
2022-08-30 21:04:15,459 INFO [http-nio-8081-exec-2] c.n.c.a.ServiceLogAspect [ServiceLogAspect.java:37] [0:0:0:0:0:0:0:1],[2022-08-30 21:04:15],[com.nowcoder.community.service.UserService.findUserById].
2022-08-30 21:04:15,461 INFO [http-nio-8081-exec-2] c.n.c.a.ServiceLogAspect [ServiceLogAspect.java:37] [0:0:0:0:0:0:0:1],[2022-08-30 21:04:15],[com.nowcoder.community.service.UserService.findUserById].
2022-08-30 21:04:15,463 INFO [http-nio-8081-exec-2] c.n.c.a.ServiceLogAspect [ServiceLogAspect.java:37] [0:0:0:0:0:0:0:1],[2022-08-30 21:04:15],[com.nowcoder.community.service.UserService.findUserById].
2022-08-30 21:04:15,465 INFO [http-nio-8081-exec-2] c.n.c.a.ServiceLogAspect [ServiceLogAspect.java:37] [0:0:0:0:0:0:0:1],[2022-08-30 21:04:15],[com.nowcoder.community.service.UserService.findUserById].
2022-08-30 21:04:15,467 INFO [http-nio-8081-exec-2] c.n.c.a.ServiceLogAspect [ServiceLogAspect.java:37] [0:0:0:0:0:0:0:1],[2022-08-30 21:04:15],[com.nowcoder.community.service.UserService.findUserById].
2022-08-30 21:04:15,469 INFO [http-nio-8081-exec-2] c.n.c.a.ServiceLogAspect [ServiceLogAspect.java:37] [0:0:0:0:0:0:0:1],[2022-08-30 21:04:15],[com.nowcoder.community.service.UserService.findUserById].
2022-08-30 21:04:15,730 INFO [http-nio-8081-exec-3] c.n.c.a.ServiceLogAspect [ServiceLogAspect.java:37] [0:0:0:0:0:0:0:1],[2022-08-30 21:04:15],[com.nowcoder.community.service.UserService.findLoginTicket].
2022-08-30 21:04:15,736 INFO [http-nio-8081-exec-3] c.n.c.a.ServiceLogAspect [ServiceLogAspect.java:37] [0:0:0:0:0:0:0:1],[2022-08-30 21:04:15],[com.nowcoder.community.service.UserService.findUserById].
2022-08-30 21:05:16,933 INFO [http-nio-8081-exec-10] c.n.c.a.ServiceLogAspect [ServiceLogAspect.java:37] [127.0.0.1],[2022-08-30 21:05:16],[com.nowcoder.community.service.DiscussPostService.findDiscussPostRows].
2022-08-30 21:05:16,940 INFO [http-nio-8081-exec-10] c.n.c.a.ServiceLogAspect [ServiceLogAspect.java:37] [127.0.0.1],[2022-08-30 21:05:16],[com.nowcoder.community.service.DiscussPostService.findDiscussPosts].
2022-08-30 21:05:16,948 INFO [http-nio-8081-exec-10] c.n.c.a.ServiceLogAspect [ServiceLogAspect.java:37] [127.0.0.1],[2022-08-30 21:05:16],[com.nowcoder.community.service.UserService.findUserById].
2022-08-30 21:05:16,956 INFO [http-nio-8081-exec-10] c.n.c.a.ServiceLogAspect [ServiceLogAspect.java:37] [127.0.0.1],[2022-08-30 21:05:16],[com.nowcoder.community.service.UserService.findUserById].
2022-08-30 21:05:16,960 INFO [http-nio-8081-exec-10] c.n.c.a.ServiceLogAspect [ServiceLogAspect.java:37] [127.0.0.1],[2022-08-30 21:05:16],[com.nowcoder.community.service.UserService.findUserById].
2022-08-30 21:05:16,962 INFO [http-nio-8081-exec-10] c.n.c.a.ServiceLogAspect [ServiceLogAspect.java:37] [127.0.0.1],[2022-08-30 21:05:16],[com.nowcoder.community.service.UserService.findUserById].
2022-08-30 21:05:16,965 INFO [http-nio-8081-exec-10] c.n.c.a.ServiceLogAspect [ServiceLogAspect.java:37] [127.0.0.1],[2022-08-30 21:05:16],[com.nowcoder.community.service.UserService.findUserById].
2022-08-30 21:05:16,970 INFO [http-nio-8081-exec-10] c.n.c.a.ServiceLogAspect [ServiceLogAspect.java:37] [127.0.0.1],[2022-08-30 21:05:16],[com.nowcoder.community.service.UserService.findUserById].
2022-08-30 21:05:16,973 INFO [http-nio-8081-exec-10] c.n.c.a.ServiceLogAspect [ServiceLogAspect.java:37] [127.0.0.1],[2022-08-30 21:05:16],[com.nowcoder.community.service.UserService.findUserById].
2022-08-30 21:05:16,975 INFO [http-nio-8081-exec-10] c.n.c.a.ServiceLogAspect [ServiceLogAspect.java:37] [127.0.0.1],[2022-08-30 21:05:16],[com.nowcoder.community.service.UserService.findUserById].
2022-08-30 21:05:16,978 INFO [http-nio-8081-exec-10] c.n.c.a.ServiceLogAspect [ServiceLogAspect.java:37] [127.0.0.1],[2022-08-30 21:05:16],[com.nowcoder.community.service.UserService.findUserById].
2022-08-30 21:05:16,980 INFO [http-nio-8081-exec-10] c.n.c.a.ServiceLogAspect [ServiceLogAspect.java:37] [127.0.0.1],[2022-08-30 21:05:16],[com.nowcoder.community.service.UserService.findUserById].
2022-08-30 21:05:47,148 INFO [http-nio-8081-exec-1] c.n.c.a.ServiceLogAspect [ServiceLogAspect.java:37] [127.0.0.1],[2022-08-30 21:05:47],[com.nowcoder.community.service.UserService.login].
2022-08-30 21:05:47,645 INFO [http-nio-8081-exec-7] c.n.c.a.ServiceLogAspect [ServiceLogAspect.java:37] [127.0.0.1],[2022-08-30 21:05:47],[com.nowcoder.community.service.UserService.findLoginTicket].
2022-08-30 21:05:47,647 INFO [http-nio-8081-exec-7] c.n.c.a.ServiceLogAspect [ServiceLogAspect.java:37] [127.0.0.1],[2022-08-30 21:05:47],[com.nowcoder.community.service.UserService.findUserById].
2022-08-30 21:05:47,649 INFO [http-nio-8081-exec-7] c.n.c.a.ServiceLogAspect [ServiceLogAspect.java:37] [127.0.0.1],[2022-08-30 21:05:47],[com.nowcoder.community.service.DiscussPostService.findDiscussPostRows].
2022-08-30 21:05:47,650 INFO [http-nio-8081-exec-7] c.n.c.a.ServiceLogAspect [ServiceLogAspect.java:37] [127.0.0.1],[2022-08-30 21:05:47],[com.nowcoder.community.service.DiscussPostService.findDiscussPosts].
2022-08-30 21:05:47,655 INFO [http-nio-8081-exec-7] c.n.c.a.ServiceLogAspect [ServiceLogAspect.java:37] [127.0.0.1],[2022-08-30 21:05:47],[com.nowcoder.community.service.UserService.findUserById].
2022-08-30 21:05:47,658 INFO [http-nio-8081-exec-7] c.n.c.a.ServiceLogAspect [ServiceLogAspect.java:37] [127.0.0.1],[2022-08-30 21:05:47],[com.nowcoder.community.service.UserService.findUserById].
2022-08-30 21:05:47,659 INFO [http-nio-8081-exec-7] c.n.c.a.ServiceLogAspect [ServiceLogAspect.java:37] [127.0.0.1],[2022-08-30 21:05:47],[com.nowcoder.community.service.UserService.findUserById].
2022-08-30 21:05:47,661 INFO [http-nio-8081-exec-7] c.n.c.a.ServiceLogAspect [ServiceLogAspect.java:37] [127.0.0.1],[2022-08-30 21:05:47],[com.nowcoder.community.service.UserService.findUserById].
2022-08-30 21:05:47,663 INFO [http-nio-8081-exec-7] c.n.c.a.ServiceLogAspect [ServiceLogAspect.java:37] [127.0.0.1],[2022-08-30 21:05:47],[com.nowcoder.community.service.UserService.findUserById].
2022-08-30 21:05:47,664 INFO [http-nio-8081-exec-7] c.n.c.a.ServiceLogAspect [ServiceLogAspect.java:37] [127.0.0.1],[2022-08-30 21:05:47],[com.nowcoder.community.service.UserService.findUserById].
2022-08-30 21:05:47,666 INFO [http-nio-8081-exec-7] c.n.c.a.ServiceLogAspect [ServiceLogAspect.java:37] [127.0.0.1],[2022-08-30 21:05:47],[com.nowcoder.community.service.UserService.findUserById].
2022-08-30 21:05:47,668 INFO [http-nio-8081-exec-7] c.n.c.a.ServiceLogAspect [ServiceLogAspect.java:37] [127.0.0.1],[2022-08-30 21:05:47],[com.nowcoder.community.service.UserService.findUserById].
2022-08-30 21:05:47,671 INFO [http-nio-8081-exec-7] c.n.c.a.ServiceLogAspect [ServiceLogAspect.java:37] [127.0.0.1],[2022-08-30 21:05:47],[com.nowcoder.community.service.UserService.findUserById].
2022-08-30 21:05:47,673 INFO [http-nio-8081-exec-7] c.n.c.a.ServiceLogAspect [ServiceLogAspect.java:37] [127.0.0.1],[2022-08-30 21:05:47],[com.nowcoder.community.service.UserService.findUserById].
2022-08-30 21:05:48,614 INFO [http-nio-8081-exec-10] c.n.c.a.ServiceLogAspect [ServiceLogAspect.java:37] [127.0.0.1],[2022-08-30 21:05:48],[com.nowcoder.community.service.UserService.findLoginTicket].
2022-08-30 21:05:48,617 INFO [http-nio-8081-exec-10] c.n.c.a.ServiceLogAspect [ServiceLogAspect.java:37] [127.0.0.1],[2022-08-30 21:05:48],[com.nowcoder.community.service.UserService.findUserById].
2022-08-30 21:05:48,623 INFO [http-nio-8081-exec-10] c.n.c.a.ServiceLogAspect [ServiceLogAspect.java:37] [127.0.0.1],[2022-08-30 21:05:48],[com.nowcoder.community.service.MessageService.findConversationCount].
2022-08-30 21:05:48,866 INFO [http-nio-8081-exec-10] c.n.c.a.ServiceLogAspect [ServiceLogAspect.java:37] [127.0.0.1],[2022-08-30 21:05:48],[com.nowcoder.community.service.MessageService.findConversation].
2022-08-30 21:05:49,053 INFO [http-nio-8081-exec-10] c.n.c.a.ServiceLogAspect [ServiceLogAspect.java:37] [127.0.0.1],[2022-08-30 21:05:49],[com.nowcoder.community.service.MessageService.findLetterCount].
2022-08-30 21:05:49,056 INFO [http-nio-8081-exec-10] c.n.c.a.ServiceLogAspect [ServiceLogAspect.java:37] [127.0.0.1],[2022-08-30 21:05:49],[com.nowcoder.community.service.MessageService.findLetterUnreadCount].
2022-08-30 21:05:49,059 INFO [http-nio-8081-exec-10] c.n.c.a.ServiceLogAspect [ServiceLogAspect.java:37] [127.0.0.1],[2022-08-30 21:05:49],[com.nowcoder.community.service.UserService.findUserById].
2022-08-30 21:05:49,061 INFO [http-nio-8081-exec-10] c.n.c.a.ServiceLogAspect [ServiceLogAspect.java:37] [127.0.0.1],[2022-08-30 21:05:49],[com.nowcoder.community.service.MessageService.findLetterUnreadCount].
2022-08-30 21:06:07,175 INFO [http-nio-8081-exec-7] c.n.c.a.ServiceLogAspect [ServiceLogAspect.java:37] [127.0.0.1],[2022-08-30 21:06:07],[com.nowcoder.community.service.UserService.findLoginTicket].
2022-08-30 21:06:07,179 INFO [http-nio-8081-exec-7] c.n.c.a.ServiceLogAspect [ServiceLogAspect.java:37] [127.0.0.1],[2022-08-30 21:06:07],[com.nowcoder.community.service.UserService.findUserById].
2022-08-30 21:06:07,181 INFO [http-nio-8081-exec-7] c.n.c.a.ServiceLogAspect [ServiceLogAspect.java:37] [127.0.0.1],[2022-08-30 21:06:07],[com.nowcoder.community.service.MessageService.findConversationCount].
2022-08-30 21:06:07,183 INFO [http-nio-8081-exec-7] c.n.c.a.ServiceLogAspect [ServiceLogAspect.java:37] [127.0.0.1],[2022-08-30 21:06:07],[com.nowcoder.community.service.MessageService.findConversation].
2022-08-30 21:06:07,185 INFO [http-nio-8081-exec-7] c.n.c.a.ServiceLogAspect [ServiceLogAspect.java:37] [127.0.0.1],[2022-08-30 21:06:07],[com.nowcoder.community.service.MessageService.findLetterCount].
2022-08-30 21:06:07,186 INFO [http-nio-8081-exec-7] c.n.c.a.ServiceLogAspect [ServiceLogAspect.java:37] [127.0.0.1],[2022-08-30 21:06:07],[com.nowcoder.community.service.MessageService.findLetterUnreadCount].
2022-08-30 21:06:07,188 INFO [http-nio-8081-exec-7] c.n.c.a.ServiceLogAspect [ServiceLogAspect.java:37] [127.0.0.1],[2022-08-30 21:06:07],[com.nowcoder.community.service.UserService.findUserById].
2022-08-30 21:06:07,190 INFO [http-nio-8081-exec-7] c.n.c.a.ServiceLogAspect [ServiceLogAspect.java:37] [127.0.0.1],[2022-08-30 21:06:07],[com.nowcoder.community.service.MessageService.findLetterUnreadCount].
