2022-09-10 19:50:20,690 INFO [main] c.n.c.CommunityApplicationTests [StartupInfoLogger.java:55] Starting CommunityApplicationTests using Java 1.8.0_332 on DESKTOP-9KE8JKH with PID 15548 (started by 15541 in E:\SpringBoot\community)
2022-09-10 19:50:20,699 INFO [main] c.n.c.CommunityApplicationTests [SpringApplication.java:634] No active profile set, falling back to 1 default profile: "default"
2022-09-10 19:50:24,189 INFO [main] o.s.b.a.w.s.WelcomePageHandlerMapping [WelcomePageHandlerMapping.java:57] Adding welcome page template: index
2022-09-10 19:50:24,810 INFO [main] c.n.c.CommunityApplicationTests [StartupInfoLogger.java:61] Started CommunityApplicationTests in 4.615 seconds (JVM running for 5.745)
2022-09-10 19:50:58,042 INFO [main] c.n.c.CommunityApplicationTests [StartupInfoLogger.java:55] Starting CommunityApplicationTests using Java 1.8.0_332 on DESKTOP-9KE8JKH with PID 14332 (started by 15541 in E:\SpringBoot\community)
2022-09-10 19:50:58,044 INFO [main] c.n.c.CommunityApplicationTests [SpringApplication.java:634] No active profile set, falling back to 1 default profile: "default"
2022-09-10 19:51:00,726 INFO [main] o.s.b.a.w.s.WelcomePageHandlerMapping [WelcomePageHandlerMapping.java:57] Adding welcome page template: index
2022-09-10 19:51:01,352 INFO [main] c.n.c.CommunityApplicationTests [StartupInfoLogger.java:61] Started CommunityApplicationTests in 3.673 seconds (JVM running for 5.002)
2022-09-10 19:51:06,255 INFO [restartedMain] c.n.c.CommunityApplication [StartupInfoLogger.java:55] Starting CommunityApplication using Java 1.8.0_332 on DESKTOP-9KE8JKH with PID 8880 (E:\SpringBoot\community\target\classes started by 15541 in E:\SpringBoot\community)
2022-09-10 19:51:06,256 INFO [restartedMain] c.n.c.CommunityApplication [SpringApplication.java:634] No active profile set, falling back to 1 default profile: "default"
2022-09-10 19:51:06,288 INFO [restartedMain] o.s.b.d.e.DevToolsPropertyDefaultsPostProcessor [DeferredLog.java:255] Devtools property defaults active! Set 'spring.devtools.add-properties' to 'false' to disable
2022-09-10 19:51:06,288 INFO [restartedMain] o.s.b.d.e.DevToolsPropertyDefaultsPostProcessor [DeferredLog.java:255] For additional web related logging consider setting the 'logging.level.web' property to 'DEBUG'
2022-09-10 19:51:07,318 INFO [restartedMain] o.s.b.w.e.t.TomcatWebServer [TomcatWebServer.java:108] Tomcat initialized with port(s): 8081 (http)
2022-09-10 19:51:07,319 INFO [restartedMain] o.a.c.c.AprLifecycleListener [DirectJDKLog.java:173] Loaded Apache Tomcat Native library [1.2.35] using APR version [1.7.0].
2022-09-10 19:51:07,319 INFO [restartedMain] o.a.c.c.AprLifecycleListener [DirectJDKLog.java:173] APR capabilities: IPv6 [true], sendfile [true], accept filters [false], random [true], UDS [true].
2022-09-10 19:51:07,320 INFO [restartedMain] o.a.c.c.AprLifecycleListener [DirectJDKLog.java:173] APR/OpenSSL configuration: useAprConnector [false], useOpenSSL [true]
2022-09-10 19:51:07,397 INFO [restartedMain] o.a.c.c.AprLifecycleListener [DirectJDKLog.java:173] OpenSSL successfully initialized [OpenSSL 1.1.1q  5 Jul 2022]
2022-09-10 19:51:07,404 INFO [restartedMain] o.a.c.h.Http11NioProtocol [DirectJDKLog.java:173] Initializing ProtocolHandler ["http-nio-8081"]
2022-09-10 19:51:07,405 INFO [restartedMain] o.a.c.c.StandardService [DirectJDKLog.java:173] Starting service [Tomcat]
2022-09-10 19:51:07,405 INFO [restartedMain] o.a.c.c.StandardEngine [DirectJDKLog.java:173] Starting Servlet engine: [Apache Tomcat/9.0.65]
2022-09-10 19:51:07,491 INFO [restartedMain] o.a.c.c.C.[.[.[/community] [DirectJDKLog.java:173] Initializing Spring embedded WebApplicationContext
2022-09-10 19:51:07,491 INFO [restartedMain] o.s.b.w.s.c.ServletWebServerApplicationContext [ServletWebServerApplicationContext.java:292] Root WebApplicationContext: initialization completed in 1202 ms
2022-09-10 19:51:08,188 INFO [restartedMain] o.s.b.a.w.s.WelcomePageHandlerMapping [WelcomePageHandlerMapping.java:57] Adding welcome page template: index
2022-09-10 19:51:08,448 INFO [restartedMain] o.s.b.d.a.OptionalLiveReloadServer [OptionalLiveReloadServer.java:58] LiveReload server is running on port 35729
2022-09-10 19:51:08,463 INFO [restartedMain] o.a.c.h.Http11NioProtocol [DirectJDKLog.java:173] Starting ProtocolHandler ["http-nio-8081"]
2022-09-10 19:51:08,476 INFO [restartedMain] o.s.b.w.e.t.TomcatWebServer [TomcatWebServer.java:220] Tomcat started on port(s): 8081 (http) with context path '/community'
2022-09-10 19:51:08,484 INFO [restartedMain] c.n.c.CommunityApplication [StartupInfoLogger.java:61] Started CommunityApplication in 2.588 seconds (JVM running for 3.538)
2022-09-10 19:51:34,919 INFO [http-nio-8081-exec-1] o.a.c.c.C.[.[.[/community] [DirectJDKLog.java:173] Initializing Spring DispatcherServlet 'dispatcherServlet'
2022-09-10 19:51:34,919 INFO [http-nio-8081-exec-1] o.s.w.s.DispatcherServlet [FrameworkServlet.java:525] Initializing Servlet 'dispatcherServlet'
2022-09-10 19:51:34,920 INFO [http-nio-8081-exec-1] o.s.w.s.DispatcherServlet [FrameworkServlet.java:547] Completed initialization in 1 ms
2022-09-10 19:51:34,965 INFO [http-nio-8081-exec-1] c.n.c.a.ServiceLogAspect [ServiceLogAspect.java:37] 用户[0:0:0:0:0:0:0:1],在[2022-09-10 19:51:34],访问了[com.nowcoder.community.service.DiscussPostService.findDiscussPostRows].
2022-09-10 19:51:34,994 INFO [http-nio-8081-exec-1] c.z.h.HikariDataSource [HikariDataSource.java:110] HikariPool-1 - Starting...
2022-09-10 19:51:36,055 INFO [http-nio-8081-exec-1] c.z.h.HikariDataSource [HikariDataSource.java:123] HikariPool-1 - Start completed.
2022-09-10 19:51:36,424 INFO [http-nio-8081-exec-1] c.n.c.a.ServiceLogAspect [ServiceLogAspect.java:37] 用户[0:0:0:0:0:0:0:1],在[2022-09-10 19:51:36],访问了[com.nowcoder.community.service.DiscussPostService.findDiscussPosts].
2022-09-10 19:51:36,436 INFO [http-nio-8081-exec-1] c.n.c.a.ServiceLogAspect [ServiceLogAspect.java:37] 用户[0:0:0:0:0:0:0:1],在[2022-09-10 19:51:36],访问了[com.nowcoder.community.service.UserService.findUserById].
2022-09-10 19:51:36,453 INFO [http-nio-8081-exec-1] c.n.c.a.ServiceLogAspect [ServiceLogAspect.java:37] 用户[0:0:0:0:0:0:0:1],在[2022-09-10 19:51:36],访问了[com.nowcoder.community.service.UserService.findUserById].
2022-09-10 19:51:36,455 INFO [http-nio-8081-exec-1] c.n.c.a.ServiceLogAspect [ServiceLogAspect.java:37] 用户[0:0:0:0:0:0:0:1],在[2022-09-10 19:51:36],访问了[com.nowcoder.community.service.UserService.findUserById].
2022-09-10 19:51:36,458 INFO [http-nio-8081-exec-1] c.n.c.a.ServiceLogAspect [ServiceLogAspect.java:37] 用户[0:0:0:0:0:0:0:1],在[2022-09-10 19:51:36],访问了[com.nowcoder.community.service.UserService.findUserById].
2022-09-10 19:51:36,460 INFO [http-nio-8081-exec-1] c.n.c.a.ServiceLogAspect [ServiceLogAspect.java:37] 用户[0:0:0:0:0:0:0:1],在[2022-09-10 19:51:36],访问了[com.nowcoder.community.service.UserService.findUserById].
2022-09-10 19:51:36,463 INFO [http-nio-8081-exec-1] c.n.c.a.ServiceLogAspect [ServiceLogAspect.java:37] 用户[0:0:0:0:0:0:0:1],在[2022-09-10 19:51:36],访问了[com.nowcoder.community.service.UserService.findUserById].
2022-09-10 19:51:36,465 INFO [http-nio-8081-exec-1] c.n.c.a.ServiceLogAspect [ServiceLogAspect.java:37] 用户[0:0:0:0:0:0:0:1],在[2022-09-10 19:51:36],访问了[com.nowcoder.community.service.UserService.findUserById].
2022-09-10 19:51:36,468 INFO [http-nio-8081-exec-1] c.n.c.a.ServiceLogAspect [ServiceLogAspect.java:37] 用户[0:0:0:0:0:0:0:1],在[2022-09-10 19:51:36],访问了[com.nowcoder.community.service.UserService.findUserById].
2022-09-10 19:51:36,470 INFO [http-nio-8081-exec-1] c.n.c.a.ServiceLogAspect [ServiceLogAspect.java:37] 用户[0:0:0:0:0:0:0:1],在[2022-09-10 19:51:36],访问了[com.nowcoder.community.service.UserService.findUserById].
2022-09-10 19:51:36,473 INFO [http-nio-8081-exec-1] c.n.c.a.ServiceLogAspect [ServiceLogAspect.java:37] 用户[0:0:0:0:0:0:0:1],在[2022-09-10 19:51:36],访问了[com.nowcoder.community.service.UserService.findUserById].
2022-09-10 19:52:01,173 INFO [SpringApplicationShutdownHook] c.z.h.HikariDataSource [HikariDataSource.java:350] HikariPool-1 - Shutdown initiated...
2022-09-10 19:52:01,180 INFO [SpringApplicationShutdownHook] c.z.h.HikariDataSource [HikariDataSource.java:352] HikariPool-1 - Shutdown completed.
